{"/home/runner/work/canvas-studio/canvas-studio/src/App.tsx": {"path":"/home/runner/work/canvas-studio/canvas-studio/src/App.tsx","all":true,"statementMap":{"0":{"start":{"line":1,"column":0},"end":{"line":1,"column":40}},"1":{"start":{"line":2,"column":0},"end":{"line":2,"column":36}},"2":{"start":{"line":3,"column":0},"end":{"line":3,"column":59}},"4":{"start":{"line":5,"column":0},"end":{"line":5,"column":16}},"6":{"start":{"line":7,"column":0},"end":{"line":7,"column":40}},"8":{"start":{"line":9,"column":0},"end":{"line":9,"column":10}},"9":{"start":{"line":10,"column":0},"end":{"line":10,"column":19}},"10":{"start":{"line":11,"column":0},"end":{"line":11,"column":50}},"11":{"start":{"line":12,"column":0},"end":{"line":12,"column":20}},"13":{"start":{"line":14,"column":0},"end":{"line":14,"column":1}},"15":{"start":{"line":16,"column":0},"end":{"line":16,"column":19}}},"s":{"0":0,"1":0,"2":0,"4":0,"6":0,"8":0,"9":0,"10":0,"11":0,"13":0,"15":0},"branchMap":{"0":{"type":"branch","line":1,"loc":{"start":{"line":1,"column":370},"end":{"line":16,"column":19}},"locations":[{"start":{"line":1,"column":370},"end":{"line":16,"column":19}}]}},"b":{"0":[0]},"fnMap":{"0":{"name":"(empty-report)","decl":{"start":{"line":1,"column":370},"end":{"line":16,"column":19}},"loc":{"start":{"line":1,"column":370},"end":{"line":16,"column":19}},"line":1}},"f":{"0":0}}
,"/home/runner/work/canvas-studio/canvas-studio/src/main.tsx": {"path":"/home/runner/work/canvas-studio/canvas-studio/src/main.tsx","all":true,"statementMap":{"0":{"start":{"line":1,"column":0},"end":{"line":1,"column":34}},"1":{"start":{"line":2,"column":0},"end":{"line":2,"column":45}},"2":{"start":{"line":3,"column":0},"end":{"line":3,"column":20}},"3":{"start":{"line":4,"column":0},"end":{"line":4,"column":27}},"5":{"start":{"line":6,"column":0},"end":{"line":6,"column":52}},"6":{"start":{"line":7,"column":0},"end":{"line":7,"column":14}},"7":{"start":{"line":8,"column":0},"end":{"line":8,"column":11}},"8":{"start":{"line":9,"column":0},"end":{"line":9,"column":16}},"9":{"start":{"line":10,"column":0},"end":{"line":10,"column":1}}},"s":{"0":0,"1":0,"2":0,"3":0,"5":0,"6":0,"7":0,"8":0,"9":0},"branchMap":{"0":{"type":"branch","line":1,"loc":{"start":{"line":1,"column":203},"end":{"line":10,"column":-148}},"locations":[{"start":{"line":1,"column":203},"end":{"line":10,"column":-148}}]}},"b":{"0":[0]},"fnMap":{"0":{"name":"(empty-report)","decl":{"start":{"line":1,"column":203},"end":{"line":10,"column":-148}},"loc":{"start":{"line":1,"column":203},"end":{"line":10,"column":-148}},"line":1}},"f":{"0":0}}
,"/home/runner/work/canvas-studio/canvas-studio/src/components/ErrorBoundary.tsx": {"path":"/home/runner/work/canvas-studio/canvas-studio/src/components/ErrorBoundary.tsx","all":true,"statementMap":{"0":{"start":{"line":1,"column":0},"end":{"line":1,"column":26}},"7":{"start":{"line":8,"column":0},"end":{"line":8,"column":51}},"10":{"start":{"line":11,"column":0},"end":{"line":11,"column":3}},"11":{"start":{"line":12,"column":0},"end":{"line":12,"column":53}},"12":{"start":{"line":13,"column":0},"end":{"line":13,"column":17}},"13":{"start":{"line":14,"column":0},"end":{"line":14,"column":50}},"14":{"start":{"line":15,"column":0},"end":{"line":15,"column":3}},"16":{"start":{"line":17,"column":0},"end":{"line":17,"column":69}},"17":{"start":{"line":18,"column":0},"end":{"line":18,"column":37}},"18":{"start":{"line":19,"column":0},"end":{"line":19,"column":3}},"20":{"start":{"line":21,"column":0},"end":{"line":21,"column":69}},"21":{"start":{"line":22,"column":0},"end":{"line":22,"column":61}},"22":{"start":{"line":23,"column":0},"end":{"line":23,"column":3}},"24":{"start":{"line":25,"column":0},"end":{"line":25,"column":12}},"25":{"start":{"line":26,"column":0},"end":{"line":26,"column":30}},"26":{"start":{"line":27,"column":0},"end":{"line":27,"column":14}},"27":{"start":{"line":28,"column":0},"end":{"line":28,"column":12}},"28":{"start":{"line":29,"column":0},"end":{"line":29,"column":18}},"29":{"start":{"line":30,"column":0},"end":{"line":30,"column":24}},"30":{"start":{"line":31,"column":0},"end":{"line":31,"column":36}},"31":{"start":{"line":32,"column":0},"end":{"line":32,"column":36}},"32":{"start":{"line":33,"column":0},"end":{"line":33,"column":12}},"34":{"start":{"line":35,"column":0},"end":{"line":35,"column":40}},"35":{"start":{"line":36,"column":0},"end":{"line":36,"column":50}},"36":{"start":{"line":37,"column":0},"end":{"line":37,"column":39}},"37":{"start":{"line":38,"column":0},"end":{"line":38,"column":20}},"38":{"start":{"line":39,"column":0},"end":{"line":39,"column":37}},"39":{"start":{"line":40,"column":0},"end":{"line":40,"column":16}},"40":{"start":{"line":41,"column":0},"end":{"line":41,"column":14}},"42":{"start":{"line":43,"column":0},"end":{"line":43,"column":5}},"44":{"start":{"line":45,"column":0},"end":{"line":45,"column":31}},"45":{"start":{"line":46,"column":0},"end":{"line":46,"column":3}},"46":{"start":{"line":47,"column":0},"end":{"line":47,"column":1}}},"s":{"0":0,"7":0,"10":0,"11":0,"12":0,"13":0,"14":0,"16":0,"17":0,"18":0,"20":0,"21":0,"22":0,"24":0,"25":0,"26":0,"27":0,"28":0,"29":0,"30":0,"31":0,"32":0,"34":0,"35":0,"36":0,"37":0,"38":0,"39":0,"40":0,"42":0,"44":0,"45":0,"46":0},"branchMap":{"0":{"type":"branch","line":1,"loc":{"start":{"line":1,"column":1083},"end":{"line":47,"column":1}},"locations":[{"start":{"line":1,"column":1083},"end":{"line":47,"column":1}}]}},"b":{"0":[0]},"fnMap":{"0":{"name":"(empty-report)","decl":{"start":{"line":1,"column":1083},"end":{"line":47,"column":1}},"loc":{"start":{"line":1,"column":1083},"end":{"line":47,"column":1}},"line":1}},"f":{"0":0}}
,"/home/runner/work/canvas-studio/canvas-studio/src/components/canvas/CanvasView.tsx": {"path":"/home/runner/work/canvas-studio/canvas-studio/src/components/canvas/CanvasView.tsx","all":true,"statementMap":{"0":{"start":{"line":1,"column":0},"end":{"line":1,"column":45}},"12":{"start":{"line":13,"column":0},"end":{"line":13,"column":64}},"13":{"start":{"line":14,"column":0},"end":{"line":14,"column":57}},"16":{"start":{"line":17,"column":0},"end":{"line":17,"column":19}},"17":{"start":{"line":18,"column":0},"end":{"line":18,"column":49}},"18":{"start":{"line":19,"column":0},"end":{"line":19,"column":56}},"20":{"start":{"line":21,"column":0},"end":{"line":21,"column":67}},"21":{"start":{"line":22,"column":0},"end":{"line":22,"column":27}},"22":{"start":{"line":23,"column":0},"end":{"line":23,"column":25}},"23":{"start":{"line":24,"column":0},"end":{"line":24,"column":7}},"24":{"start":{"line":25,"column":0},"end":{"line":25,"column":6}},"26":{"start":{"line":27,"column":0},"end":{"line":27,"column":54}},"27":{"start":{"line":28,"column":0},"end":{"line":28,"column":70}},"28":{"start":{"line":29,"column":0},"end":{"line":29,"column":23}},"30":{"start":{"line":31,"column":0},"end":{"line":31,"column":10}},"31":{"start":{"line":32,"column":0},"end":{"line":32,"column":8}},"32":{"start":{"line":33,"column":0},"end":{"line":33,"column":24}},"33":{"start":{"line":34,"column":0},"end":{"line":34,"column":73}},"35":{"start":{"line":36,"column":0},"end":{"line":36,"column":33}},"36":{"start":{"line":37,"column":0},"end":{"line":37,"column":35}},"37":{"start":{"line":38,"column":0},"end":{"line":38,"column":12}},"38":{"start":{"line":39,"column":0},"end":{"line":39,"column":10}},"40":{"start":{"line":41,"column":0},"end":{"line":41,"column":1}}},"s":{"0":0,"12":0,"13":0,"16":0,"17":0,"18":0,"20":0,"21":0,"22":0,"23":0,"24":0,"26":0,"27":0,"28":0,"30":0,"31":0,"32":0,"33":0,"35":0,"36":0,"37":0,"38":0,"40":0},"branchMap":{"0":{"type":"branch","line":1,"loc":{"start":{"line":1,"column":1068},"end":{"line":41,"column":1}},"locations":[{"start":{"line":1,"column":1068},"end":{"line":41,"column":1}}]}},"b":{"0":[0]},"fnMap":{"0":{"name":"(empty-report)","decl":{"start":{"line":1,"column":1068},"end":{"line":41,"column":1}},"loc":{"start":{"line":1,"column":1068},"end":{"line":41,"column":1}},"line":1}},"f":{"0":0}}
,"/home/runner/work/canvas-studio/canvas-studio/src/components/canvas/Toolbar.tsx": {"path":"/home/runner/work/canvas-studio/canvas-studio/src/components/canvas/Toolbar.tsx","all":true,"statementMap":{"0":{"start":{"line":1,"column":0},"end":{"line":1,"column":58}},"1":{"start":{"line":2,"column":0},"end":{"line":2,"column":56}},"14":{"start":{"line":15,"column":0},"end":{"line":15,"column":58}},"15":{"start":{"line":16,"column":0},"end":{"line":16,"column":56}},"16":{"start":{"line":17,"column":0},"end":{"line":17,"column":57}},"18":{"start":{"line":19,"column":0},"end":{"line":19,"column":66}},"19":{"start":{"line":20,"column":0},"end":{"line":20,"column":49}},"20":{"start":{"line":21,"column":0},"end":{"line":21,"column":50}},"21":{"start":{"line":22,"column":0},"end":{"line":22,"column":49}},"22":{"start":{"line":23,"column":0},"end":{"line":23,"column":45}},"23":{"start":{"line":24,"column":0},"end":{"line":24,"column":4}},"25":{"start":{"line":26,"column":0},"end":{"line":26,"column":47}},"26":{"start":{"line":27,"column":0},"end":{"line":27,"column":24}},"27":{"start":{"line":28,"column":0},"end":{"line":28,"column":35}},"28":{"start":{"line":29,"column":0},"end":{"line":29,"column":39}},"29":{"start":{"line":30,"column":0},"end":{"line":30,"column":35}},"30":{"start":{"line":31,"column":0},"end":{"line":31,"column":4}},"32":{"start":{"line":33,"column":0},"end":{"line":33,"column":10}},"33":{"start":{"line":34,"column":0},"end":{"line":34,"column":73}},"35":{"start":{"line":36,"column":0},"end":{"line":36,"column":25}},"37":{"start":{"line":38,"column":0},"end":{"line":38,"column":51}},"40":{"start":{"line":41,"column":0},"end":{"line":41,"column":28}},"41":{"start":{"line":42,"column":0},"end":{"line":42,"column":15}},"42":{"start":{"line":43,"column":0},"end":{"line":43,"column":23}},"43":{"start":{"line":44,"column":0},"end":{"line":44,"column":50}},"44":{"start":{"line":45,"column":0},"end":{"line":45,"column":60}},"45":{"start":{"line":46,"column":0},"end":{"line":46,"column":34}},"46":{"start":{"line":47,"column":0},"end":{"line":47,"column":40}},"47":{"start":{"line":48,"column":0},"end":{"line":48,"column":47}},"48":{"start":{"line":49,"column":0},"end":{"line":49,"column":13}},"49":{"start":{"line":50,"column":0},"end":{"line":50,"column":28}},"51":{"start":{"line":52,"column":0},"end":{"line":52,"column":21}},"52":{"start":{"line":53,"column":0},"end":{"line":53,"column":17}},"53":{"start":{"line":54,"column":0},"end":{"line":54,"column":9}},"54":{"start":{"line":55,"column":0},"end":{"line":55,"column":10}},"56":{"start":{"line":57,"column":0},"end":{"line":57,"column":1}}},"s":{"0":0,"1":0,"14":0,"15":0,"16":0,"18":0,"19":0,"20":0,"21":0,"22":0,"23":0,"25":0,"26":0,"27":0,"28":0,"29":0,"30":0,"32":0,"33":0,"35":0,"37":0,"40":0,"41":0,"42":0,"43":0,"44":0,"45":0,"46":0,"47":0,"48":0,"49":0,"51":0,"52":0,"53":0,"54":0,"56":0},"branchMap":{"0":{"type":"branch","line":1,"loc":{"start":{"line":1,"column":1590},"end":{"line":57,"column":1}},"locations":[{"start":{"line":1,"column":1590},"end":{"line":57,"column":1}}]}},"b":{"0":[0]},"fnMap":{"0":{"name":"(empty-report)","decl":{"start":{"line":1,"column":1590},"end":{"line":57,"column":1}},"loc":{"start":{"line":1,"column":1590},"end":{"line":57,"column":1}},"line":1}},"f":{"0":0}}
,"/home/runner/work/canvas-studio/canvas-studio/src/components/slides/SlideList.tsx": {"path":"/home/runner/work/canvas-studio/canvas-studio/src/components/slides/SlideList.tsx","all":false,"statementMap":{"0":{"start":{"line":1,"column":0},"end":{"line":1,"column":35}},"1":{"start":{"line":2,"column":0},"end":{"line":2,"column":41}},"2":{"start":{"line":3,"column":0},"end":{"line":3,"column":55}},"3":{"start":{"line":4,"column":0},"end":{"line":4,"column":57}},"4":{"start":{"line":5,"column":0},"end":{"line":5,"column":61}},"10":{"start":{"line":11,"column":0},"end":{"line":11,"column":29}},"11":{"start":{"line":12,"column":0},"end":{"line":12,"column":36}},"12":{"start":{"line":13,"column":0},"end":{"line":13,"column":68}},"13":{"start":{"line":14,"column":0},"end":{"line":14,"column":62}},"20":{"start":{"line":21,"column":0},"end":{"line":21,"column":35}},"21":{"start":{"line":22,"column":0},"end":{"line":22,"column":26}},"23":{"start":{"line":24,"column":0},"end":{"line":24,"column":36}},"26":{"start":{"line":27,"column":0},"end":{"line":27,"column":39}},"27":{"start":{"line":28,"column":0},"end":{"line":28,"column":63}},"28":{"start":{"line":29,"column":0},"end":{"line":29,"column":50}},"29":{"start":{"line":30,"column":0},"end":{"line":30,"column":44}},"30":{"start":{"line":31,"column":0},"end":{"line":31,"column":7}},"32":{"start":{"line":33,"column":0},"end":{"line":33,"column":26}},"33":{"start":{"line":34,"column":0},"end":{"line":34,"column":6}},"34":{"start":{"line":35,"column":0},"end":{"line":35,"column":58}},"35":{"start":{"line":36,"column":0},"end":{"line":36,"column":3}},"40":{"start":{"line":41,"column":0},"end":{"line":41,"column":35}},"41":{"start":{"line":42,"column":0},"end":{"line":42,"column":26}},"42":{"start":{"line":43,"column":0},"end":{"line":43,"column":30}},"43":{"start":{"line":44,"column":0},"end":{"line":44,"column":6}},"44":{"start":{"line":45,"column":0},"end":{"line":45,"column":21}},"45":{"start":{"line":46,"column":0},"end":{"line":46,"column":3}},"50":{"start":{"line":51,"column":0},"end":{"line":51,"column":78}},"51":{"start":{"line":52,"column":0},"end":{"line":52,"column":55}},"52":{"start":{"line":53,"column":0},"end":{"line":53,"column":8}},"58":{"start":{"line":59,"column":0},"end":{"line":59,"column":33}},"59":{"start":{"line":60,"column":0},"end":{"line":60,"column":46}},"60":{"start":{"line":61,"column":0},"end":{"line":61,"column":68}},"61":{"start":{"line":62,"column":0},"end":{"line":62,"column":34}},"62":{"start":{"line":63,"column":0},"end":{"line":63,"column":41}},"63":{"start":{"line":64,"column":0},"end":{"line":64,"column":7}},"64":{"start":{"line":65,"column":0},"end":{"line":65,"column":6}},"65":{"start":{"line":66,"column":0},"end":{"line":66,"column":19}},"66":{"start":{"line":67,"column":0},"end":{"line":67,"column":3}},"68":{"start":{"line":69,"column":0},"end":{"line":69,"column":10}},"69":{"start":{"line":70,"column":0},"end":{"line":70,"column":66}},"70":{"start":{"line":71,"column":0},"end":{"line":71,"column":43}},"71":{"start":{"line":72,"column":0},"end":{"line":72,"column":39}},"72":{"start":{"line":73,"column":0},"end":{"line":73,"column":14}},"73":{"start":{"line":74,"column":0},"end":{"line":74,"column":26}},"74":{"start":{"line":75,"column":0},"end":{"line":75,"column":21}},"75":{"start":{"line":76,"column":0},"end":{"line":76,"column":58}},"76":{"start":{"line":77,"column":0},"end":{"line":77,"column":50}},"77":{"start":{"line":78,"column":0},"end":{"line":78,"column":48}},"79":{"start":{"line":80,"column":0},"end":{"line":80,"column":23}},"80":{"start":{"line":81,"column":0},"end":{"line":81,"column":32}},"81":{"start":{"line":82,"column":0},"end":{"line":82,"column":27}},"82":{"start":{"line":83,"column":0},"end":{"line":83,"column":52}},"83":{"start":{"line":84,"column":0},"end":{"line":84,"column":41}},"84":{"start":{"line":85,"column":0},"end":{"line":85,"column":53}},"85":{"start":{"line":86,"column":0},"end":{"line":86,"column":53}},"86":{"start":{"line":87,"column":0},"end":{"line":87,"column":14}},"87":{"start":{"line":88,"column":0},"end":{"line":88,"column":16}},"88":{"start":{"line":89,"column":0},"end":{"line":89,"column":11}},"89":{"start":{"line":90,"column":0},"end":{"line":90,"column":12}},"92":{"start":{"line":93,"column":0},"end":{"line":93,"column":13}},"93":{"start":{"line":94,"column":0},"end":{"line":94,"column":26}},"94":{"start":{"line":95,"column":0},"end":{"line":95,"column":157}},"95":{"start":{"line":96,"column":0},"end":{"line":96,"column":7}},"97":{"start":{"line":98,"column":0},"end":{"line":98,"column":15}},"98":{"start":{"line":99,"column":0},"end":{"line":99,"column":10}},"100":{"start":{"line":101,"column":0},"end":{"line":101,"column":1}}},"s":{"0":1,"1":1,"2":1,"3":1,"4":1,"10":1,"11":15,"12":15,"13":15,"20":15,"21":15,"23":3,"26":3,"27":1,"28":1,"29":1,"30":1,"32":2,"33":3,"34":15,"35":15,"40":15,"41":15,"42":1,"43":1,"44":15,"45":15,"50":15,"51":2,"52":15,"58":15,"59":15,"60":2,"61":2,"62":1,"63":1,"64":2,"65":15,"66":15,"68":15,"69":15,"70":15,"71":15,"72":28,"73":28,"74":28,"75":28,"76":28,"77":28,"79":28,"80":28,"81":28,"82":28,"83":28,"84":28,"85":28,"86":28,"87":28,"88":15,"89":15,"92":15,"93":15,"94":15,"95":15,"97":15,"98":15,"100":15},"branchMap":{"0":{"type":"branch","line":11,"loc":{"start":{"line":11,"column":7},"end":{"line":101,"column":1}},"locations":[{"start":{"line":11,"column":7},"end":{"line":101,"column":1}}]},"1":{"type":"branch","line":22,"loc":{"start":{"line":22,"column":4},"end":{"line":34,"column":6}},"locations":[{"start":{"line":22,"column":4},"end":{"line":34,"column":6}}]},"2":{"type":"branch","line":24,"loc":{"start":{"line":24,"column":30},"end":{"line":24,"column":36}},"locations":[{"start":{"line":24,"column":30},"end":{"line":24,"column":36}}]},"3":{"type":"branch","line":24,"loc":{"start":{"line":24,"column":30},"end":{"line":27,"column":38}},"locations":[{"start":{"line":24,"column":30},"end":{"line":27,"column":38}}]},"4":{"type":"branch","line":27,"loc":{"start":{"line":27,"column":38},"end":{"line":31,"column":7}},"locations":[{"start":{"line":27,"column":38},"end":{"line":31,"column":7}}]},"5":{"type":"branch","line":29,"loc":{"start":{"line":29,"column":33},"end":{"line":29,"column":49}},"locations":[{"start":{"line":29,"column":33},"end":{"line":29,"column":49}}]},"6":{"type":"branch","line":31,"loc":{"start":{"line":31,"column":6},"end":{"line":33,"column":26}},"locations":[{"start":{"line":31,"column":6},"end":{"line":33,"column":26}}]},"7":{"type":"branch","line":28,"loc":{"start":{"line":28,"column":39},"end":{"line":28,"column":62}},"locations":[{"start":{"line":28,"column":39},"end":{"line":28,"column":62}}]},"8":{"type":"branch","line":42,"loc":{"start":{"line":42,"column":4},"end":{"line":44,"column":6}},"locations":[{"start":{"line":42,"column":4},"end":{"line":44,"column":6}}]},"9":{"type":"branch","line":51,"loc":{"start":{"line":51,"column":38},"end":{"line":53,"column":5}},"locations":[{"start":{"line":51,"column":38},"end":{"line":53,"column":5}}]},"10":{"type":"branch","line":60,"loc":{"start":{"line":60,"column":4},"end":{"line":65,"column":6}},"locations":[{"start":{"line":60,"column":4},"end":{"line":65,"column":6}}]},"11":{"type":"branch","line":62,"loc":{"start":{"line":62,"column":33},"end":{"line":64,"column":7}},"locations":[{"start":{"line":62,"column":33},"end":{"line":64,"column":7}}]},"12":{"type":"branch","line":72,"loc":{"start":{"line":72,"column":20},"end":{"line":88,"column":16}},"locations":[{"start":{"line":72,"column":20},"end":{"line":88,"column":16}}]},"13":{"type":"branch","line":76,"loc":{"start":{"line":76,"column":25},"end":{"line":76,"column":58}},"locations":[{"start":{"line":76,"column":25},"end":{"line":76,"column":58}}]},"14":{"type":"branch","line":78,"loc":{"start":{"line":78,"column":20},"end":{"line":78,"column":48}},"locations":[{"start":{"line":78,"column":20},"end":{"line":78,"column":48}}]},"15":{"type":"branch","line":85,"loc":{"start":{"line":85,"column":24},"end":{"line":85,"column":53}},"locations":[{"start":{"line":85,"column":24},"end":{"line":85,"column":53}}]},"16":{"type":"branch","line":86,"loc":{"start":{"line":86,"column":24},"end":{"line":86,"column":53}},"locations":[{"start":{"line":86,"column":24},"end":{"line":86,"column":53}}]}},"b":{"0":[15],"1":[3],"2":[1],"3":[2],"4":[1],"5":[0],"6":[2],"7":[1],"8":[1],"9":[2],"10":[2],"11":[1],"12":[28],"13":[2],"14":[2],"15":[1],"16":[3]},"fnMap":{"0":{"name":"SlideList","decl":{"start":{"line":11,"column":7},"end":{"line":101,"column":1}},"loc":{"start":{"line":11,"column":7},"end":{"line":101,"column":1}},"line":11},"1":{"name":"onDragStart","decl":{"start":{"line":76,"column":25},"end":{"line":76,"column":58}},"loc":{"start":{"line":76,"column":25},"end":{"line":76,"column":58}},"line":76},"2":{"name":"onDragOver","decl":{"start":{"line":77,"column":24},"end":{"line":77,"column":50}},"loc":{"start":{"line":77,"column":24},"end":{"line":77,"column":50}},"line":77},"3":{"name":"onDrop","decl":{"start":{"line":78,"column":20},"end":{"line":78,"column":48}},"loc":{"start":{"line":78,"column":20},"end":{"line":78,"column":48}},"line":78},"4":{"name":"onSelect","decl":{"start":{"line":85,"column":24},"end":{"line":85,"column":53}},"loc":{"start":{"line":85,"column":24},"end":{"line":85,"column":53}},"line":85},"5":{"name":"onDelete","decl":{"start":{"line":86,"column":24},"end":{"line":86,"column":53}},"loc":{"start":{"line":86,"column":24},"end":{"line":86,"column":53}},"line":86}},"f":{"0":15,"1":2,"2":0,"3":2,"4":1,"5":3}}
,"/home/runner/work/canvas-studio/canvas-studio/src/components/slides/SlideThumb.tsx": {"path":"/home/runner/work/canvas-studio/canvas-studio/src/components/slides/SlideThumb.tsx","all":false,"statementMap":{"13":{"start":{"line":14,"column":0},"end":{"line":14,"column":28}},"14":{"start":{"line":15,"column":0},"end":{"line":15,"column":8}},"15":{"start":{"line":16,"column":0},"end":{"line":16,"column":11}},"16":{"start":{"line":17,"column":0},"end":{"line":17,"column":12}},"17":{"start":{"line":18,"column":0},"end":{"line":18,"column":11}},"18":{"start":{"line":19,"column":0},"end":{"line":19,"column":11}},"19":{"start":{"line":20,"column":0},"end":{"line":20,"column":21}},"20":{"start":{"line":21,"column":0},"end":{"line":21,"column":10}},"21":{"start":{"line":22,"column":0},"end":{"line":22,"column":8}},"22":{"start":{"line":23,"column":0},"end":{"line":23,"column":24}},"23":{"start":{"line":24,"column":0},"end":{"line":24,"column":50}},"24":{"start":{"line":25,"column":0},"end":{"line":25,"column":46}},"25":{"start":{"line":26,"column":0},"end":{"line":26,"column":9}},"28":{"start":{"line":29,"column":0},"end":{"line":29,"column":89}},"29":{"start":{"line":30,"column":0},"end":{"line":30,"column":19}},"30":{"start":{"line":31,"column":0},"end":{"line":31,"column":12}},"33":{"start":{"line":34,"column":0},"end":{"line":34,"column":100}},"34":{"start":{"line":35,"column":0},"end":{"line":35,"column":22}},"35":{"start":{"line":36,"column":0},"end":{"line":36,"column":14}},"36":{"start":{"line":37,"column":0},"end":{"line":37,"column":27}},"37":{"start":{"line":38,"column":0},"end":{"line":38,"column":38}},"38":{"start":{"line":39,"column":0},"end":{"line":39,"column":58}},"39":{"start":{"line":40,"column":0},"end":{"line":40,"column":12}},"41":{"start":{"line":42,"column":0},"end":{"line":42,"column":74}},"43":{"start":{"line":44,"column":0},"end":{"line":44,"column":12}},"46":{"start":{"line":47,"column":0},"end":{"line":47,"column":13}},"47":{"start":{"line":48,"column":0},"end":{"line":48,"column":25}},"48":{"start":{"line":49,"column":0},"end":{"line":49,"column":29}},"49":{"start":{"line":50,"column":0},"end":{"line":50,"column":20}},"50":{"start":{"line":51,"column":0},"end":{"line":51,"column":10}},"51":{"start":{"line":52,"column":0},"end":{"line":52,"column":146}},"52":{"start":{"line":53,"column":0},"end":{"line":53,"column":28}},"53":{"start":{"line":54,"column":0},"end":{"line":54,"column":7}},"55":{"start":{"line":56,"column":0},"end":{"line":56,"column":15}},"56":{"start":{"line":57,"column":0},"end":{"line":57,"column":10}},"58":{"start":{"line":59,"column":0},"end":{"line":59,"column":1}}},"s":{"13":1,"14":37,"15":37,"16":37,"17":37,"18":37,"19":37,"20":37,"21":37,"22":37,"23":37,"24":37,"25":37,"28":37,"29":37,"30":37,"33":37,"34":37,"35":1,"36":1,"37":1,"38":1,"39":1,"41":36,"43":37,"46":37,"47":37,"48":5,"49":5,"50":5,"51":37,"52":37,"53":37,"55":37,"56":37,"58":37},"branchMap":{"0":{"type":"branch","line":14,"loc":{"start":{"line":14,"column":7},"end":{"line":59,"column":1}},"locations":[{"start":{"line":14,"column":7},"end":{"line":59,"column":1}}]},"1":{"type":"branch","line":25,"loc":{"start":{"line":25,"column":8},"end":{"line":25,"column":44}},"locations":[{"start":{"line":25,"column":8},"end":{"line":25,"column":44}}]},"2":{"type":"branch","line":25,"loc":{"start":{"line":25,"column":19},"end":{"line":25,"column":46}},"locations":[{"start":{"line":25,"column":19},"end":{"line":25,"column":46}}]},"3":{"type":"branch","line":35,"loc":{"start":{"line":35,"column":9},"end":{"line":40,"column":12}},"locations":[{"start":{"line":35,"column":9},"end":{"line":40,"column":12}}]},"4":{"type":"branch","line":40,"loc":{"start":{"line":40,"column":10},"end":{"line":42,"column":74}},"locations":[{"start":{"line":40,"column":10},"end":{"line":42,"column":74}}]},"5":{"type":"branch","line":48,"loc":{"start":{"line":48,"column":17},"end":{"line":51,"column":10}},"locations":[{"start":{"line":48,"column":17},"end":{"line":51,"column":10}}]}},"b":{"0":[37],"1":[16],"2":[21],"3":[1],"4":[36],"5":[5]},"fnMap":{"0":{"name":"SlideThumb","decl":{"start":{"line":14,"column":7},"end":{"line":59,"column":1}},"loc":{"start":{"line":14,"column":7},"end":{"line":59,"column":1}},"line":14},"1":{"name":"onClick","decl":{"start":{"line":48,"column":17},"end":{"line":51,"column":10}},"loc":{"start":{"line":48,"column":17},"end":{"line":51,"column":10}},"line":48}},"f":{"0":37,"1":5}}
,"/home/runner/work/canvas-studio/canvas-studio/src/components/ui/UndoRedoButtons.tsx": {"path":"/home/runner/work/canvas-studio/canvas-studio/src/components/ui/UndoRedoButtons.tsx","all":true,"statementMap":{"0":{"start":{"line":1,"column":0},"end":{"line":1,"column":59}},"2":{"start":{"line":3,"column":0},"end":{"line":3,"column":35}},"3":{"start":{"line":4,"column":0},"end":{"line":4,"column":60}},"5":{"start":{"line":6,"column":0},"end":{"line":6,"column":10}},"6":{"start":{"line":7,"column":0},"end":{"line":7,"column":32}},"7":{"start":{"line":8,"column":0},"end":{"line":8,"column":13}},"8":{"start":{"line":9,"column":0},"end":{"line":9,"column":22}},"9":{"start":{"line":10,"column":0},"end":{"line":10,"column":29}},"10":{"start":{"line":11,"column":0},"end":{"line":11,"column":58}},"11":{"start":{"line":12,"column":0},"end":{"line":12,"column":19}},"12":{"start":{"line":13,"column":0},"end":{"line":13,"column":45}},"13":{"start":{"line":14,"column":0},"end":{"line":14,"column":59}},"14":{"start":{"line":15,"column":0},"end":{"line":15,"column":11}},"15":{"start":{"line":16,"column":0},"end":{"line":16,"column":29}},"16":{"start":{"line":17,"column":0},"end":{"line":17,"column":7}},"18":{"start":{"line":19,"column":0},"end":{"line":19,"column":15}},"19":{"start":{"line":20,"column":0},"end":{"line":20,"column":13}},"20":{"start":{"line":21,"column":0},"end":{"line":21,"column":22}},"21":{"start":{"line":22,"column":0},"end":{"line":22,"column":29}},"22":{"start":{"line":23,"column":0},"end":{"line":23,"column":58}},"23":{"start":{"line":24,"column":0},"end":{"line":24,"column":19}},"24":{"start":{"line":25,"column":0},"end":{"line":25,"column":45}},"25":{"start":{"line":26,"column":0},"end":{"line":26,"column":59}},"26":{"start":{"line":27,"column":0},"end":{"line":27,"column":11}},"27":{"start":{"line":28,"column":0},"end":{"line":28,"column":29}},"28":{"start":{"line":29,"column":0},"end":{"line":29,"column":7}},"30":{"start":{"line":31,"column":0},"end":{"line":31,"column":15}},"31":{"start":{"line":32,"column":0},"end":{"line":32,"column":10}},"33":{"start":{"line":34,"column":0},"end":{"line":34,"column":1}}},"s":{"0":0,"2":0,"3":0,"5":0,"6":0,"7":0,"8":0,"9":0,"10":0,"11":0,"12":0,"13":0,"14":0,"15":0,"16":0,"18":0,"19":0,"20":0,"21":0,"22":0,"23":0,"24":0,"25":0,"26":0,"27":0,"28":0,"30":0,"31":0,"33":0},"branchMap":{"0":{"type":"branch","line":1,"loc":{"start":{"line":1,"column":875},"end":{"line":34,"column":1}},"locations":[{"start":{"line":1,"column":875},"end":{"line":34,"column":1}}]}},"b":{"0":[0]},"fnMap":{"0":{"name":"(empty-report)","decl":{"start":{"line":1,"column":875},"end":{"line":34,"column":1}},"loc":{"start":{"line":1,"column":875},"end":{"line":34,"column":1}},"line":1}},"f":{"0":0}}
,"/home/runner/work/canvas-studio/canvas-studio/src/hooks/useAuth.ts": {"path":"/home/runner/work/canvas-studio/canvas-studio/src/hooks/useAuth.ts","all":false,"statementMap":{"3":{"start":{"line":4,"column":0},"end":{"line":4,"column":56}},"4":{"start":{"line":5,"column":0},"end":{"line":5,"column":8}},"11":{"start":{"line":12,"column":0},"end":{"line":12,"column":49}},"19":{"start":{"line":20,"column":0},"end":{"line":20,"column":40}},"22":{"start":{"line":23,"column":0},"end":{"line":23,"column":3}},"23":{"start":{"line":24,"column":0},"end":{"line":24,"column":61}},"24":{"start":{"line":25,"column":0},"end":{"line":25,"column":46}},"25":{"start":{"line":26,"column":0},"end":{"line":26,"column":56}},"27":{"start":{"line":28,"column":0},"end":{"line":28,"column":19}},"28":{"start":{"line":29,"column":0},"end":{"line":29,"column":34}},"30":{"start":{"line":31,"column":0},"end":{"line":31,"column":43}},"31":{"start":{"line":32,"column":0},"end":{"line":32,"column":11}},"32":{"start":{"line":33,"column":0},"end":{"line":33,"column":17}},"33":{"start":{"line":34,"column":0},"end":{"line":34,"column":21}},"34":{"start":{"line":35,"column":0},"end":{"line":35,"column":25}},"35":{"start":{"line":36,"column":0},"end":{"line":36,"column":22}},"36":{"start":{"line":37,"column":0},"end":{"line":37,"column":8}},"37":{"start":{"line":38,"column":0},"end":{"line":38,"column":18}},"38":{"start":{"line":39,"column":0},"end":{"line":39,"column":32}},"39":{"start":{"line":40,"column":0},"end":{"line":40,"column":25}},"40":{"start":{"line":41,"column":0},"end":{"line":41,"column":7}},"41":{"start":{"line":42,"column":0},"end":{"line":42,"column":5}},"43":{"start":{"line":44,"column":0},"end":{"line":44,"column":22}},"44":{"start":{"line":45,"column":0},"end":{"line":45,"column":8}},"46":{"start":{"line":47,"column":0},"end":{"line":47,"column":52}},"47":{"start":{"line":48,"column":0},"end":{"line":48,"column":18}},"48":{"start":{"line":49,"column":0},"end":{"line":49,"column":9}},"49":{"start":{"line":50,"column":0},"end":{"line":50,"column":36}},"50":{"start":{"line":51,"column":0},"end":{"line":51,"column":47}},"51":{"start":{"line":52,"column":0},"end":{"line":52,"column":43}},"52":{"start":{"line":53,"column":0},"end":{"line":53,"column":19}},"53":{"start":{"line":54,"column":0},"end":{"line":54,"column":28}},"54":{"start":{"line":55,"column":0},"end":{"line":55,"column":15}},"55":{"start":{"line":56,"column":0},"end":{"line":56,"column":5}},"56":{"start":{"line":57,"column":0},"end":{"line":57,"column":8}},"58":{"start":{"line":59,"column":0},"end":{"line":59,"column":49}},"59":{"start":{"line":60,"column":0},"end":{"line":60,"column":18}},"60":{"start":{"line":61,"column":0},"end":{"line":61,"column":9}},"61":{"start":{"line":62,"column":0},"end":{"line":62,"column":36}},"62":{"start":{"line":63,"column":0},"end":{"line":63,"column":25}},"63":{"start":{"line":64,"column":0},"end":{"line":64,"column":19}},"64":{"start":{"line":65,"column":0},"end":{"line":65,"column":28}},"65":{"start":{"line":66,"column":0},"end":{"line":66,"column":15}},"66":{"start":{"line":67,"column":0},"end":{"line":67,"column":5}},"67":{"start":{"line":68,"column":0},"end":{"line":68,"column":8}},"69":{"start":{"line":70,"column":0},"end":{"line":70,"column":10}},"70":{"start":{"line":71,"column":0},"end":{"line":71,"column":9}},"71":{"start":{"line":72,"column":0},"end":{"line":72,"column":12}},"72":{"start":{"line":73,"column":0},"end":{"line":73,"column":10}},"73":{"start":{"line":74,"column":0},"end":{"line":74,"column":21}},"74":{"start":{"line":75,"column":0},"end":{"line":75,"column":27}},"75":{"start":{"line":76,"column":0},"end":{"line":76,"column":3}},"76":{"start":{"line":77,"column":0},"end":{"line":77,"column":1}}},"s":{"3":1,"4":1,"11":1,"19":1,"22":15,"23":15,"24":15,"25":15,"27":15,"28":9,"30":9,"31":9,"32":9,"33":3,"34":3,"35":3,"36":3,"37":9,"38":1,"39":1,"40":1,"41":9,"43":9,"44":15,"46":15,"47":2,"48":2,"49":2,"50":2,"51":2,"52":1,"53":1,"54":1,"55":1,"56":15,"58":15,"59":2,"60":2,"61":2,"62":2,"63":1,"64":1,"65":1,"66":1,"67":15,"69":15,"70":15,"71":15,"72":15,"73":15,"74":15,"75":15,"76":15},"branchMap":{"0":{"type":"branch","line":20,"loc":{"start":{"line":20,"column":7},"end":{"line":77,"column":1}},"locations":[{"start":{"line":20,"column":7},"end":{"line":77,"column":1}}]},"1":{"type":"branch","line":28,"loc":{"start":{"line":28,"column":12},"end":{"line":45,"column":5}},"locations":[{"start":{"line":28,"column":12},"end":{"line":45,"column":5}}]},"2":{"type":"branch","line":33,"loc":{"start":{"line":33,"column":6},"end":{"line":37,"column":8}},"locations":[{"start":{"line":33,"column":6},"end":{"line":37,"column":8}}]},"3":{"type":"branch","line":38,"loc":{"start":{"line":38,"column":6},"end":{"line":41,"column":7}},"locations":[{"start":{"line":38,"column":6},"end":{"line":41,"column":7}}]},"4":{"type":"branch","line":47,"loc":{"start":{"line":47,"column":39},"end":{"line":57,"column":5}},"locations":[{"start":{"line":47,"column":39},"end":{"line":57,"column":5}}]},"5":{"type":"branch","line":52,"loc":{"start":{"line":52,"column":42},"end":{"line":56,"column":5}},"locations":[{"start":{"line":52,"column":42},"end":{"line":56,"column":5}}]},"6":{"type":"branch","line":59,"loc":{"start":{"line":59,"column":36},"end":{"line":68,"column":5}},"locations":[{"start":{"line":59,"column":36},"end":{"line":68,"column":5}}]},"7":{"type":"branch","line":63,"loc":{"start":{"line":63,"column":24},"end":{"line":67,"column":5}},"locations":[{"start":{"line":63,"column":24},"end":{"line":67,"column":5}}]}},"b":{"0":[15],"1":[9],"2":[3],"3":[1],"4":[2],"5":[1],"6":[2],"7":[1]},"fnMap":{"0":{"name":"useAuth","decl":{"start":{"line":20,"column":7},"end":{"line":77,"column":1}},"loc":{"start":{"line":20,"column":7},"end":{"line":77,"column":1}},"line":20}},"f":{"0":15}}
,"/home/runner/work/canvas-studio/canvas-studio/src/hooks/useCanvas.ts": {"path":"/home/runner/work/canvas-studio/canvas-studio/src/hooks/useCanvas.ts","all":false,"statementMap":{"0":{"start":{"line":1,"column":0},"end":{"line":1,"column":55}},"1":{"start":{"line":2,"column":0},"end":{"line":2,"column":33}},"2":{"start":{"line":3,"column":0},"end":{"line":3,"column":55}},"3":{"start":{"line":4,"column":0},"end":{"line":4,"column":53}},"4":{"start":{"line":5,"column":0},"end":{"line":5,"column":42}},"6":{"start":{"line":7,"column":0},"end":{"line":7,"column":45}},"7":{"start":{"line":8,"column":0},"end":{"line":8,"column":55}},"8":{"start":{"line":9,"column":0},"end":{"line":9,"column":52}},"9":{"start":{"line":10,"column":0},"end":{"line":10,"column":57}},"10":{"start":{"line":11,"column":0},"end":{"line":11,"column":56}},"12":{"start":{"line":13,"column":0},"end":{"line":13,"column":44}},"14":{"start":{"line":15,"column":0},"end":{"line":15,"column":50}},"15":{"start":{"line":16,"column":0},"end":{"line":16,"column":50}},"16":{"start":{"line":17,"column":0},"end":{"line":17,"column":65}},"17":{"start":{"line":18,"column":0},"end":{"line":18,"column":40}},"20":{"start":{"line":21,"column":0},"end":{"line":21,"column":19}},"21":{"start":{"line":22,"column":0},"end":{"line":22,"column":47}},"22":{"start":{"line":23,"column":0},"end":{"line":23,"column":23}},"25":{"start":{"line":26,"column":0},"end":{"line":26,"column":55}},"28":{"start":{"line":29,"column":0},"end":{"line":29,"column":40}},"29":{"start":{"line":30,"column":0},"end":{"line":30,"column":57}},"30":{"start":{"line":31,"column":0},"end":{"line":31,"column":39}},"31":{"start":{"line":32,"column":0},"end":{"line":32,"column":26}},"34":{"start":{"line":35,"column":0},"end":{"line":35,"column":51}},"37":{"start":{"line":38,"column":0},"end":{"line":38,"column":63}},"38":{"start":{"line":39,"column":0},"end":{"line":39,"column":54}},"41":{"start":{"line":42,"column":0},"end":{"line":42,"column":36}},"42":{"start":{"line":43,"column":0},"end":{"line":43,"column":24}},"43":{"start":{"line":44,"column":0},"end":{"line":44,"column":36}},"44":{"start":{"line":45,"column":0},"end":{"line":45,"column":35}},"45":{"start":{"line":46,"column":0},"end":{"line":46,"column":25}},"46":{"start":{"line":47,"column":0},"end":{"line":47,"column":49}},"47":{"start":{"line":48,"column":0},"end":{"line":48,"column":49}},"49":{"start":{"line":50,"column":0},"end":{"line":50,"column":47}},"50":{"start":{"line":51,"column":0},"end":{"line":51,"column":27}},"51":{"start":{"line":52,"column":0},"end":{"line":52,"column":74}},"52":{"start":{"line":53,"column":0},"end":{"line":53,"column":37}},"53":{"start":{"line":54,"column":0},"end":{"line":54,"column":58}},"54":{"start":{"line":55,"column":0},"end":{"line":55,"column":54}},"55":{"start":{"line":56,"column":0},"end":{"line":56,"column":19}},"56":{"start":{"line":57,"column":0},"end":{"line":57,"column":15}},"57":{"start":{"line":58,"column":0},"end":{"line":58,"column":14}},"58":{"start":{"line":59,"column":0},"end":{"line":59,"column":25}},"59":{"start":{"line":60,"column":0},"end":{"line":60,"column":49}},"60":{"start":{"line":61,"column":0},"end":{"line":61,"column":41}},"62":{"start":{"line":63,"column":0},"end":{"line":63,"column":47}},"63":{"start":{"line":64,"column":0},"end":{"line":64,"column":27}},"64":{"start":{"line":65,"column":0},"end":{"line":65,"column":66}},"65":{"start":{"line":66,"column":0},"end":{"line":66,"column":37}},"66":{"start":{"line":67,"column":0},"end":{"line":67,"column":50}},"67":{"start":{"line":68,"column":0},"end":{"line":68,"column":54}},"68":{"start":{"line":69,"column":0},"end":{"line":69,"column":19}},"69":{"start":{"line":70,"column":0},"end":{"line":70,"column":15}},"70":{"start":{"line":71,"column":0},"end":{"line":71,"column":14}},"71":{"start":{"line":72,"column":0},"end":{"line":72,"column":13}},"72":{"start":{"line":73,"column":0},"end":{"line":73,"column":9}},"73":{"start":{"line":74,"column":0},"end":{"line":74,"column":7}},"76":{"start":{"line":77,"column":0},"end":{"line":77,"column":33}},"77":{"start":{"line":78,"column":0},"end":{"line":78,"column":38}},"78":{"start":{"line":79,"column":0},"end":{"line":79,"column":6}},"79":{"start":{"line":80,"column":0},"end":{"line":80,"column":32}},"80":{"start":{"line":81,"column":0},"end":{"line":81,"column":4}},"83":{"start":{"line":84,"column":0},"end":{"line":84,"column":42}},"84":{"start":{"line":85,"column":0},"end":{"line":85,"column":26}},"85":{"start":{"line":86,"column":0},"end":{"line":86,"column":39}},"86":{"start":{"line":87,"column":0},"end":{"line":87,"column":26}},"88":{"start":{"line":89,"column":0},"end":{"line":89,"column":57}},"89":{"start":{"line":90,"column":0},"end":{"line":90,"column":25}},"92":{"start":{"line":93,"column":0},"end":{"line":93,"column":21}},"93":{"start":{"line":94,"column":0},"end":{"line":94,"column":41}},"96":{"start":{"line":97,"column":0},"end":{"line":97,"column":41}},"99":{"start":{"line":100,"column":0},"end":{"line":100,"column":58}},"100":{"start":{"line":101,"column":0},"end":{"line":101,"column":13}},"101":{"start":{"line":102,"column":0},"end":{"line":102,"column":52}},"102":{"start":{"line":103,"column":0},"end":{"line":103,"column":48}},"103":{"start":{"line":104,"column":0},"end":{"line":104,"column":31}},"104":{"start":{"line":105,"column":0},"end":{"line":105,"column":48}},"105":{"start":{"line":106,"column":0},"end":{"line":106,"column":13}},"106":{"start":{"line":107,"column":0},"end":{"line":107,"column":21}},"107":{"start":{"line":108,"column":0},"end":{"line":108,"column":59}},"108":{"start":{"line":109,"column":0},"end":{"line":109,"column":29}},"109":{"start":{"line":110,"column":0},"end":{"line":110,"column":46}},"110":{"start":{"line":111,"column":0},"end":{"line":111,"column":9}},"111":{"start":{"line":112,"column":0},"end":{"line":112,"column":14}},"113":{"start":{"line":114,"column":0},"end":{"line":114,"column":27}},"114":{"start":{"line":115,"column":0},"end":{"line":115,"column":44}},"115":{"start":{"line":116,"column":0},"end":{"line":116,"column":7}},"118":{"start":{"line":119,"column":0},"end":{"line":119,"column":50}},"119":{"start":{"line":120,"column":0},"end":{"line":120,"column":6}},"120":{"start":{"line":121,"column":0},"end":{"line":121,"column":13}},"121":{"start":{"line":122,"column":0},"end":{"line":122,"column":4}},"124":{"start":{"line":125,"column":0},"end":{"line":125,"column":19}},"125":{"start":{"line":126,"column":0},"end":{"line":126,"column":32}},"128":{"start":{"line":129,"column":0},"end":{"line":129,"column":8}},"129":{"start":{"line":130,"column":0},"end":{"line":130,"column":35}},"130":{"start":{"line":131,"column":0},"end":{"line":131,"column":51}},"131":{"start":{"line":132,"column":0},"end":{"line":132,"column":7}},"132":{"start":{"line":133,"column":0},"end":{"line":133,"column":59}},"133":{"start":{"line":134,"column":0},"end":{"line":134,"column":5}},"136":{"start":{"line":137,"column":0},"end":{"line":137,"column":40}},"139":{"start":{"line":140,"column":0},"end":{"line":140,"column":48}},"140":{"start":{"line":141,"column":0},"end":{"line":141,"column":84}},"143":{"start":{"line":144,"column":0},"end":{"line":144,"column":19}},"144":{"start":{"line":145,"column":0},"end":{"line":145,"column":50}},"145":{"start":{"line":146,"column":0},"end":{"line":146,"column":15}},"146":{"start":{"line":147,"column":0},"end":{"line":147,"column":27}},"147":{"start":{"line":148,"column":0},"end":{"line":148,"column":31}},"149":{"start":{"line":150,"column":0},"end":{"line":150,"column":78}},"150":{"start":{"line":151,"column":0},"end":{"line":151,"column":13}},"151":{"start":{"line":152,"column":0},"end":{"line":152,"column":5}},"153":{"start":{"line":154,"column":0},"end":{"line":154,"column":53}},"154":{"start":{"line":155,"column":0},"end":{"line":155,"column":17}},"155":{"start":{"line":156,"column":0},"end":{"line":156,"column":18}},"156":{"start":{"line":157,"column":0},"end":{"line":157,"column":33}},"157":{"start":{"line":158,"column":0},"end":{"line":158,"column":22}},"158":{"start":{"line":159,"column":0},"end":{"line":159,"column":7}},"160":{"start":{"line":161,"column":0},"end":{"line":161,"column":31}},"163":{"start":{"line":164,"column":0},"end":{"line":164,"column":25}},"164":{"start":{"line":165,"column":0},"end":{"line":165,"column":50}},"166":{"start":{"line":167,"column":0},"end":{"line":167,"column":42}},"167":{"start":{"line":168,"column":0},"end":{"line":168,"column":5}},"170":{"start":{"line":171,"column":0},"end":{"line":171,"column":43}},"171":{"start":{"line":172,"column":0},"end":{"line":172,"column":28}},"172":{"start":{"line":173,"column":0},"end":{"line":173,"column":69}},"173":{"start":{"line":174,"column":0},"end":{"line":174,"column":37}},"174":{"start":{"line":175,"column":0},"end":{"line":175,"column":30}},"175":{"start":{"line":176,"column":0},"end":{"line":176,"column":7}},"177":{"start":{"line":178,"column":0},"end":{"line":178,"column":42}},"178":{"start":{"line":179,"column":0},"end":{"line":179,"column":29}},"179":{"start":{"line":180,"column":0},"end":{"line":180,"column":7}},"182":{"start":{"line":183,"column":0},"end":{"line":183,"column":30}},"184":{"start":{"line":185,"column":0},"end":{"line":185,"column":46}},"186":{"start":{"line":187,"column":0},"end":{"line":187,"column":48}},"187":{"start":{"line":188,"column":0},"end":{"line":188,"column":20}},"188":{"start":{"line":189,"column":0},"end":{"line":189,"column":41}},"189":{"start":{"line":190,"column":0},"end":{"line":190,"column":7}},"190":{"start":{"line":191,"column":0},"end":{"line":191,"column":6}},"192":{"start":{"line":193,"column":0},"end":{"line":193,"column":45}},"193":{"start":{"line":194,"column":0},"end":{"line":194,"column":42}},"194":{"start":{"line":195,"column":0},"end":{"line":195,"column":44}},"196":{"start":{"line":197,"column":0},"end":{"line":197,"column":18}},"197":{"start":{"line":198,"column":0},"end":{"line":198,"column":23}},"198":{"start":{"line":199,"column":0},"end":{"line":199,"column":31}},"199":{"start":{"line":200,"column":0},"end":{"line":200,"column":6}},"200":{"start":{"line":201,"column":0},"end":{"line":201,"column":121}},"203":{"start":{"line":204,"column":0},"end":{"line":204,"column":37}},"204":{"start":{"line":205,"column":0},"end":{"line":205,"column":37}},"205":{"start":{"line":206,"column":0},"end":{"line":206,"column":24}},"207":{"start":{"line":208,"column":0},"end":{"line":208,"column":34}},"208":{"start":{"line":209,"column":0},"end":{"line":209,"column":16}},"209":{"start":{"line":210,"column":0},"end":{"line":210,"column":15}},"210":{"start":{"line":211,"column":0},"end":{"line":211,"column":17}},"211":{"start":{"line":212,"column":0},"end":{"line":212,"column":18}},"212":{"start":{"line":213,"column":0},"end":{"line":213,"column":22}},"213":{"start":{"line":214,"column":0},"end":{"line":214,"column":7}},"215":{"start":{"line":216,"column":0},"end":{"line":216,"column":21}},"216":{"start":{"line":217,"column":0},"end":{"line":217,"column":33}},"217":{"start":{"line":218,"column":0},"end":{"line":218,"column":23}},"218":{"start":{"line":219,"column":0},"end":{"line":219,"column":9}},"221":{"start":{"line":222,"column":0},"end":{"line":222,"column":39}},"222":{"start":{"line":223,"column":0},"end":{"line":223,"column":37}},"223":{"start":{"line":224,"column":0},"end":{"line":224,"column":24}},"225":{"start":{"line":226,"column":0},"end":{"line":226,"column":38}},"226":{"start":{"line":227,"column":0},"end":{"line":227,"column":16}},"227":{"start":{"line":228,"column":0},"end":{"line":228,"column":15}},"228":{"start":{"line":229,"column":0},"end":{"line":229,"column":17}},"229":{"start":{"line":230,"column":0},"end":{"line":230,"column":22}},"230":{"start":{"line":231,"column":0},"end":{"line":231,"column":7}},"232":{"start":{"line":233,"column":0},"end":{"line":233,"column":23}},"233":{"start":{"line":234,"column":0},"end":{"line":234,"column":35}},"234":{"start":{"line":235,"column":0},"end":{"line":235,"column":23}},"235":{"start":{"line":236,"column":0},"end":{"line":236,"column":9}},"238":{"start":{"line":239,"column":0},"end":{"line":239,"column":37}},"239":{"start":{"line":240,"column":0},"end":{"line":240,"column":37}},"240":{"start":{"line":241,"column":0},"end":{"line":241,"column":24}},"242":{"start":{"line":243,"column":0},"end":{"line":243,"column":52}},"243":{"start":{"line":244,"column":0},"end":{"line":244,"column":16}},"244":{"start":{"line":245,"column":0},"end":{"line":245,"column":15}},"245":{"start":{"line":246,"column":0},"end":{"line":246,"column":19}},"246":{"start":{"line":247,"column":0},"end":{"line":247,"column":22}},"247":{"start":{"line":248,"column":0},"end":{"line":248,"column":7}},"249":{"start":{"line":250,"column":0},"end":{"line":250,"column":21}},"250":{"start":{"line":251,"column":0},"end":{"line":251,"column":33}},"251":{"start":{"line":252,"column":0},"end":{"line":252,"column":23}},"252":{"start":{"line":253,"column":0},"end":{"line":253,"column":9}},"255":{"start":{"line":256,"column":0},"end":{"line":256,"column":44}},"256":{"start":{"line":257,"column":0},"end":{"line":257,"column":37}},"257":{"start":{"line":258,"column":0},"end":{"line":258,"column":24}},"259":{"start":{"line":260,"column":0},"end":{"line":260,"column":52}},"260":{"start":{"line":261,"column":0},"end":{"line":261,"column":76}},"261":{"start":{"line":262,"column":0},"end":{"line":262,"column":33}},"262":{"start":{"line":263,"column":0},"end":{"line":263,"column":23}},"263":{"start":{"line":264,"column":0},"end":{"line":264,"column":9}},"265":{"start":{"line":266,"column":0},"end":{"line":266,"column":10}},"266":{"start":{"line":267,"column":0},"end":{"line":267,"column":14}},"267":{"start":{"line":268,"column":0},"end":{"line":268,"column":17}},"268":{"start":{"line":269,"column":0},"end":{"line":269,"column":12}},"269":{"start":{"line":270,"column":0},"end":{"line":270,"column":14}},"270":{"start":{"line":271,"column":0},"end":{"line":271,"column":12}},"271":{"start":{"line":272,"column":0},"end":{"line":272,"column":19}},"272":{"start":{"line":273,"column":0},"end":{"line":273,"column":4}},"273":{"start":{"line":274,"column":0},"end":{"line":274,"column":1}}},"s":{"0":1,"1":1,"2":1,"3":1,"4":1,"6":1,"7":11,"8":11,"9":11,"10":11,"12":11,"14":11,"15":11,"16":11,"17":11,"20":11,"21":5,"22":11,"25":11,"28":11,"29":11,"30":6,"31":6,"34":6,"37":6,"38":5,"41":5,"42":5,"43":5,"44":5,"45":5,"46":1,"47":1,"49":1,"50":1,"51":1,"52":1,"53":1,"54":1,"55":1,"56":1,"57":1,"58":5,"59":0,"60":0,"62":0,"63":0,"64":0,"65":0,"66":0,"67":0,"68":0,"69":0,"70":0,"71":5,"72":5,"73":5,"76":6,"77":6,"78":6,"79":11,"80":11,"83":11,"84":11,"85":6,"86":6,"88":4,"89":4,"92":4,"93":4,"96":4,"99":6,"100":0,"101":0,"102":0,"103":0,"104":0,"105":0,"106":0,"107":0,"108":0,"109":0,"110":0,"111":6,"113":4,"114":4,"115":4,"118":4,"119":6,"120":11,"121":11,"124":11,"125":5,"128":4,"129":4,"130":1,"131":5,"132":1,"133":1,"136":4,"139":4,"140":11,"143":11,"144":3,"145":3,"146":3,"147":3,"149":3,"150":0,"151":0,"153":3,"154":3,"155":3,"156":3,"157":3,"158":3,"160":3,"163":3,"164":2,"166":2,"167":2,"170":3,"171":4,"172":4,"173":4,"174":4,"175":3,"177":3,"178":2,"179":3,"182":3,"184":6,"186":5,"187":5,"188":5,"189":5,"190":6,"192":3,"193":3,"194":3,"196":3,"197":3,"198":3,"199":3,"200":11,"203":11,"204":3,"205":3,"207":3,"208":3,"209":3,"210":3,"211":3,"212":3,"213":3,"215":3,"216":3,"217":3,"218":11,"221":11,"222":1,"223":1,"225":1,"226":1,"227":1,"228":1,"229":1,"230":1,"232":1,"233":1,"234":1,"235":11,"238":11,"239":0,"240":0,"242":0,"243":0,"244":0,"245":0,"246":0,"247":0,"249":0,"250":0,"251":0,"252":11,"255":11,"256":0,"257":0,"259":0,"260":0,"261":0,"262":0,"263":11,"265":11,"266":11,"267":11,"268":11,"269":11,"270":11,"271":11,"272":11,"273":11},"branchMap":{"0":{"type":"branch","line":7,"loc":{"start":{"line":7,"column":7},"end":{"line":274,"column":1}},"locations":[{"start":{"line":7,"column":7},"end":{"line":274,"column":1}}]},"1":{"type":"branch","line":17,"loc":{"start":{"line":17,"column":40},"end":{"line":17,"column":63}},"locations":[{"start":{"line":17,"column":40},"end":{"line":17,"column":63}}]},"2":{"type":"branch","line":21,"loc":{"start":{"line":21,"column":12},"end":{"line":23,"column":5}},"locations":[{"start":{"line":21,"column":12},"end":{"line":23,"column":5}}]},"3":{"type":"branch","line":30,"loc":{"start":{"line":30,"column":4},"end":{"line":79,"column":6}},"locations":[{"start":{"line":30,"column":4},"end":{"line":79,"column":6}}]},"4":{"type":"branch","line":32,"loc":{"start":{"line":32,"column":19},"end":{"line":32,"column":26}},"locations":[{"start":{"line":32,"column":19},"end":{"line":32,"column":26}}]},"5":{"type":"branch","line":38,"loc":{"start":{"line":38,"column":10},"end":{"line":38,"column":62}},"locations":[{"start":{"line":38,"column":10},"end":{"line":38,"column":62}}]},"6":{"type":"branch","line":38,"loc":{"start":{"line":38,"column":62},"end":{"line":74,"column":7}},"locations":[{"start":{"line":38,"column":62},"end":{"line":74,"column":7}}]},"7":{"type":"branch","line":46,"loc":{"start":{"line":46,"column":18},"end":{"line":58,"column":14}},"locations":[{"start":{"line":46,"column":18},"end":{"line":58,"column":14}}]},"8":{"type":"branch","line":52,"loc":{"start":{"line":52,"column":67},"end":{"line":56,"column":17}},"locations":[{"start":{"line":52,"column":67},"end":{"line":56,"column":17}}]},"9":{"type":"branch","line":85,"loc":{"start":{"line":85,"column":4},"end":{"line":120,"column":6}},"locations":[{"start":{"line":85,"column":4},"end":{"line":120,"column":6}}]},"10":{"type":"branch","line":87,"loc":{"start":{"line":87,"column":19},"end":{"line":87,"column":26}},"locations":[{"start":{"line":87,"column":19},"end":{"line":87,"column":26}}]},"11":{"type":"branch","line":87,"loc":{"start":{"line":87,"column":19},"end":{"line":90,"column":25}},"locations":[{"start":{"line":87,"column":19},"end":{"line":90,"column":25}}]},"12":{"type":"branch","line":90,"loc":{"start":{"line":90,"column":18},"end":{"line":90,"column":25}},"locations":[{"start":{"line":90,"column":18},"end":{"line":90,"column":25}}]},"13":{"type":"branch","line":90,"loc":{"start":{"line":90,"column":18},"end":{"line":100,"column":57}},"locations":[{"start":{"line":90,"column":18},"end":{"line":100,"column":57}}]},"14":{"type":"branch","line":100,"loc":{"start":{"line":100,"column":57},"end":{"line":112,"column":13}},"locations":[{"start":{"line":100,"column":57},"end":{"line":112,"column":13}}]},"15":{"type":"branch","line":112,"loc":{"start":{"line":112,"column":6},"end":{"line":119,"column":50}},"locations":[{"start":{"line":112,"column":6},"end":{"line":119,"column":50}}]},"16":{"type":"branch","line":89,"loc":{"start":{"line":89,"column":32},"end":{"line":89,"column":55}},"locations":[{"start":{"line":89,"column":32},"end":{"line":89,"column":55}}]},"17":{"type":"branch","line":125,"loc":{"start":{"line":125,"column":12},"end":{"line":141,"column":5}},"locations":[{"start":{"line":125,"column":12},"end":{"line":141,"column":5}}]},"18":{"type":"branch","line":126,"loc":{"start":{"line":126,"column":25},"end":{"line":126,"column":32}},"locations":[{"start":{"line":126,"column":25},"end":{"line":126,"column":32}}]},"19":{"type":"branch","line":126,"loc":{"start":{"line":126,"column":25},"end":{"line":130,"column":35}},"locations":[{"start":{"line":126,"column":25},"end":{"line":130,"column":35}}]},"20":{"type":"branch","line":130,"loc":{"start":{"line":130,"column":25},"end":{"line":131,"column":51}},"locations":[{"start":{"line":130,"column":25},"end":{"line":131,"column":51}}]},"21":{"type":"branch","line":132,"loc":{"start":{"line":132,"column":6},"end":{"line":134,"column":5}},"locations":[{"start":{"line":132,"column":6},"end":{"line":134,"column":5}}]},"22":{"type":"branch","line":134,"loc":{"start":{"line":134,"column":4},"end":{"line":140,"column":48}},"locations":[{"start":{"line":134,"column":4},"end":{"line":140,"column":48}}]},"23":{"type":"branch","line":144,"loc":{"start":{"line":144,"column":12},"end":{"line":201,"column":5}},"locations":[{"start":{"line":144,"column":12},"end":{"line":201,"column":5}}]},"24":{"type":"branch","line":148,"loc":{"start":{"line":148,"column":24},"end":{"line":148,"column":31}},"locations":[{"start":{"line":148,"column":24},"end":{"line":148,"column":31}}]},"25":{"type":"branch","line":150,"loc":{"start":{"line":150,"column":77},"end":{"line":152,"column":5}},"locations":[{"start":{"line":150,"column":77},"end":{"line":152,"column":5}}]},"26":{"type":"branch","line":164,"loc":{"start":{"line":164,"column":24},"end":{"line":168,"column":5}},"locations":[{"start":{"line":164,"column":24},"end":{"line":168,"column":5}}]},"27":{"type":"branch","line":171,"loc":{"start":{"line":171,"column":35},"end":{"line":176,"column":5}},"locations":[{"start":{"line":171,"column":35},"end":{"line":176,"column":5}}]},"28":{"type":"branch","line":173,"loc":{"start":{"line":173,"column":14},"end":{"line":173,"column":68}},"locations":[{"start":{"line":173,"column":14},"end":{"line":173,"column":68}}]},"29":{"type":"branch","line":178,"loc":{"start":{"line":178,"column":35},"end":{"line":180,"column":5}},"locations":[{"start":{"line":178,"column":35},"end":{"line":180,"column":5}}]},"30":{"type":"branch","line":183,"loc":{"start":{"line":183,"column":23},"end":{"line":191,"column":6}},"locations":[{"start":{"line":183,"column":23},"end":{"line":191,"column":6}}]},"31":{"type":"branch","line":185,"loc":{"start":{"line":185,"column":39},"end":{"line":185,"column":46}},"locations":[{"start":{"line":185,"column":39},"end":{"line":185,"column":46}}]},"32":{"type":"branch","line":185,"loc":{"start":{"line":185,"column":39},"end":{"line":190,"column":7}},"locations":[{"start":{"line":185,"column":39},"end":{"line":190,"column":7}}]},"33":{"type":"branch","line":197,"loc":{"start":{"line":197,"column":11},"end":{"line":200,"column":6}},"locations":[{"start":{"line":197,"column":11},"end":{"line":200,"column":6}}]},"34":{"type":"branch","line":204,"loc":{"start":{"line":204,"column":30},"end":{"line":219,"column":5}},"locations":[{"start":{"line":204,"column":30},"end":{"line":219,"column":5}}]},"35":{"type":"branch","line":206,"loc":{"start":{"line":206,"column":17},"end":{"line":206,"column":24}},"locations":[{"start":{"line":206,"column":17},"end":{"line":206,"column":24}}]},"36":{"type":"branch","line":222,"loc":{"start":{"line":222,"column":32},"end":{"line":236,"column":5}},"locations":[{"start":{"line":222,"column":32},"end":{"line":236,"column":5}}]},"37":{"type":"branch","line":224,"loc":{"start":{"line":224,"column":17},"end":{"line":224,"column":24}},"locations":[{"start":{"line":224,"column":17},"end":{"line":224,"column":24}}]}},"b":{"0":[11],"1":[41],"2":[5],"3":[6],"4":[0],"5":[5],"6":[5],"7":[1],"8":[1],"9":[6],"10":[2],"11":[4],"12":[0],"13":[4],"14":[0],"15":[4],"16":[5],"17":[5],"18":[1],"19":[4],"20":[1],"21":[1],"22":[4],"23":[3],"24":[0],"25":[0],"26":[2],"27":[4],"28":[4],"29":[2],"30":[6],"31":[1],"32":[5],"33":[3],"34":[3],"35":[0],"36":[1],"37":[0]},"fnMap":{"0":{"name":"useCanvas","decl":{"start":{"line":7,"column":7},"end":{"line":274,"column":1}},"loc":{"start":{"line":7,"column":7},"end":{"line":274,"column":1}},"line":7},"1":{"name":"undo","decl":{"start":{"line":46,"column":18},"end":{"line":58,"column":14}},"loc":{"start":{"line":46,"column":18},"end":{"line":58,"column":14}},"line":46},"2":{"name":"redo","decl":{"start":{"line":59,"column":18},"end":{"line":71,"column":14}},"loc":{"start":{"line":59,"column":18},"end":{"line":71,"column":14}},"line":59},"3":{"name":"handleSave","decl":{"start":{"line":183,"column":23},"end":{"line":191,"column":6}},"loc":{"start":{"line":183,"column":23},"end":{"line":191,"column":6}},"line":183}},"f":{"0":11,"1":1,"2":0,"3":6}}
,"/home/runner/work/canvas-studio/canvas-studio/src/hooks/useHistory.ts": {"path":"/home/runner/work/canvas-studio/canvas-studio/src/hooks/useHistory.ts","all":false,"statementMap":{"0":{"start":{"line":1,"column":0},"end":{"line":1,"column":46}},"1":{"start":{"line":2,"column":0},"end":{"line":2,"column":56}},"4":{"start":{"line":5,"column":0},"end":{"line":5,"column":30}},"5":{"start":{"line":6,"column":0},"end":{"line":6,"column":73}},"8":{"start":{"line":9,"column":0},"end":{"line":9,"column":19}},"9":{"start":{"line":10,"column":0},"end":{"line":10,"column":49}},"11":{"start":{"line":12,"column":0},"end":{"line":12,"column":10}},"12":{"start":{"line":13,"column":0},"end":{"line":13,"column":47}},"13":{"start":{"line":14,"column":0},"end":{"line":14,"column":47}},"14":{"start":{"line":15,"column":0},"end":{"line":15,"column":9}},"15":{"start":{"line":16,"column":0},"end":{"line":16,"column":14}},"16":{"start":{"line":17,"column":0},"end":{"line":17,"column":7}},"19":{"start":{"line":20,"column":0},"end":{"line":20,"column":54}},"20":{"start":{"line":21,"column":0},"end":{"line":21,"column":26}},"21":{"start":{"line":22,"column":0},"end":{"line":22,"column":14}},"22":{"start":{"line":23,"column":0},"end":{"line":23,"column":7}},"25":{"start":{"line":26,"column":0},"end":{"line":26,"column":87}},"26":{"start":{"line":27,"column":0},"end":{"line":27,"column":26}},"27":{"start":{"line":28,"column":0},"end":{"line":28,"column":14}},"28":{"start":{"line":29,"column":0},"end":{"line":29,"column":7}},"29":{"start":{"line":30,"column":0},"end":{"line":30,"column":5}},"31":{"start":{"line":32,"column":0},"end":{"line":32,"column":53}},"32":{"start":{"line":33,"column":0},"end":{"line":33,"column":69}},"33":{"start":{"line":34,"column":0},"end":{"line":34,"column":18}},"36":{"start":{"line":37,"column":0},"end":{"line":37,"column":35}},"37":{"start":{"line":38,"column":0},"end":{"line":38,"column":32}},"38":{"start":{"line":39,"column":0},"end":{"line":39,"column":18}},"39":{"start":{"line":40,"column":0},"end":{"line":40,"column":6}},"40":{"start":{"line":41,"column":0},"end":{"line":41,"column":10}},"41":{"start":{"line":42,"column":0},"end":{"line":42,"column":3}},"43":{"start":{"line":44,"column":0},"end":{"line":44,"column":10}},"44":{"start":{"line":45,"column":0},"end":{"line":45,"column":17}},"45":{"start":{"line":46,"column":0},"end":{"line":46,"column":9}},"46":{"start":{"line":47,"column":0},"end":{"line":47,"column":9}},"47":{"start":{"line":48,"column":0},"end":{"line":48,"column":12}},"48":{"start":{"line":49,"column":0},"end":{"line":49,"column":12}},"49":{"start":{"line":50,"column":0},"end":{"line":50,"column":10}},"50":{"start":{"line":51,"column":0},"end":{"line":51,"column":3}},"51":{"start":{"line":52,"column":0},"end":{"line":52,"column":1}}},"s":{"0":1,"1":1,"4":1,"5":60,"8":60,"9":24,"11":0,"12":0,"13":0,"14":0,"15":0,"16":0,"19":0,"20":0,"21":0,"22":0,"25":0,"26":0,"27":0,"28":0,"29":0,"31":24,"32":24,"33":60,"36":60,"37":60,"38":17,"39":17,"40":60,"41":60,"43":60,"44":60,"45":60,"46":60,"47":60,"48":60,"49":60,"50":60,"51":60},"branchMap":{"0":{"type":"branch","line":5,"loc":{"start":{"line":5,"column":7},"end":{"line":52,"column":1}},"locations":[{"start":{"line":5,"column":7},"end":{"line":52,"column":1}}]},"1":{"type":"branch","line":9,"loc":{"start":{"line":9,"column":12},"end":{"line":34,"column":5}},"locations":[{"start":{"line":9,"column":12},"end":{"line":34,"column":5}}]},"2":{"type":"branch","line":33,"loc":{"start":{"line":33,"column":11},"end":{"line":33,"column":69}},"locations":[{"start":{"line":33,"column":11},"end":{"line":33,"column":69}}]},"3":{"type":"branch","line":38,"loc":{"start":{"line":38,"column":4},"end":{"line":40,"column":6}},"locations":[{"start":{"line":38,"column":4},"end":{"line":40,"column":6}}]}},"b":{"0":[60],"1":[24],"2":[24],"3":[17]},"fnMap":{"0":{"name":"useHistory","decl":{"start":{"line":5,"column":7},"end":{"line":52,"column":1}},"loc":{"start":{"line":5,"column":7},"end":{"line":52,"column":1}},"line":5},"1":{"name":"handleKeyDown","decl":{"start":{"line":10,"column":26},"end":{"line":30,"column":5}},"loc":{"start":{"line":10,"column":26},"end":{"line":30,"column":5}},"line":10}},"f":{"0":60,"1":0}}
,"/home/runner/work/canvas-studio/canvas-studio/src/hooks/useSlideHistory.ts": {"path":"/home/runner/work/canvas-studio/canvas-studio/src/hooks/useSlideHistory.ts","all":false,"statementMap":{"0":{"start":{"line":1,"column":0},"end":{"line":1,"column":36}},"1":{"start":{"line":2,"column":0},"end":{"line":2,"column":53}},"2":{"start":{"line":3,"column":0},"end":{"line":3,"column":42}},"8":{"start":{"line":9,"column":0},"end":{"line":9,"column":35}},"9":{"start":{"line":10,"column":0},"end":{"line":10,"column":37}},"10":{"start":{"line":11,"column":0},"end":{"line":11,"column":40}},"12":{"start":{"line":13,"column":0},"end":{"line":13,"column":38}},"13":{"start":{"line":14,"column":0},"end":{"line":14,"column":67}},"16":{"start":{"line":17,"column":0},"end":{"line":17,"column":22}},"19":{"start":{"line":20,"column":0},"end":{"line":20,"column":54}},"20":{"start":{"line":21,"column":0},"end":{"line":21,"column":55}},"23":{"start":{"line":24,"column":0},"end":{"line":24,"column":18}},"24":{"start":{"line":25,"column":0},"end":{"line":25,"column":26}},"25":{"start":{"line":26,"column":0},"end":{"line":26,"column":29}},"26":{"start":{"line":27,"column":0},"end":{"line":27,"column":19}},"27":{"start":{"line":28,"column":0},"end":{"line":28,"column":32}},"28":{"start":{"line":29,"column":0},"end":{"line":29,"column":63}},"29":{"start":{"line":30,"column":0},"end":{"line":30,"column":11}},"30":{"start":{"line":31,"column":0},"end":{"line":31,"column":8}},"31":{"start":{"line":32,"column":0},"end":{"line":32,"column":19}},"32":{"start":{"line":33,"column":0},"end":{"line":33,"column":32}},"33":{"start":{"line":34,"column":0},"end":{"line":34,"column":67}},"34":{"start":{"line":35,"column":0},"end":{"line":35,"column":11}},"35":{"start":{"line":36,"column":0},"end":{"line":36,"column":8}},"36":{"start":{"line":37,"column":0},"end":{"line":37,"column":7}},"37":{"start":{"line":38,"column":0},"end":{"line":38,"column":21}},"39":{"start":{"line":40,"column":0},"end":{"line":40,"column":34}},"40":{"start":{"line":41,"column":0},"end":{"line":41,"column":26}},"41":{"start":{"line":42,"column":0},"end":{"line":42,"column":65}},"42":{"start":{"line":43,"column":0},"end":{"line":43,"column":33}},"44":{"start":{"line":45,"column":0},"end":{"line":45,"column":62}},"47":{"start":{"line":48,"column":0},"end":{"line":48,"column":20}},"48":{"start":{"line":49,"column":0},"end":{"line":49,"column":30}},"49":{"start":{"line":50,"column":0},"end":{"line":50,"column":31}},"50":{"start":{"line":51,"column":0},"end":{"line":51,"column":21}},"51":{"start":{"line":52,"column":0},"end":{"line":52,"column":64}},"52":{"start":{"line":53,"column":0},"end":{"line":53,"column":34}},"53":{"start":{"line":54,"column":0},"end":{"line":54,"column":21}},"54":{"start":{"line":55,"column":0},"end":{"line":55,"column":47}},"55":{"start":{"line":56,"column":0},"end":{"line":56,"column":28}},"56":{"start":{"line":57,"column":0},"end":{"line":57,"column":44}},"57":{"start":{"line":58,"column":0},"end":{"line":58,"column":14}},"58":{"start":{"line":59,"column":0},"end":{"line":59,"column":13}},"59":{"start":{"line":60,"column":0},"end":{"line":60,"column":10}},"60":{"start":{"line":61,"column":0},"end":{"line":61,"column":21}},"61":{"start":{"line":62,"column":0},"end":{"line":62,"column":34}},"62":{"start":{"line":63,"column":0},"end":{"line":63,"column":84}},"63":{"start":{"line":64,"column":0},"end":{"line":64,"column":13}},"64":{"start":{"line":65,"column":0},"end":{"line":65,"column":10}},"65":{"start":{"line":66,"column":0},"end":{"line":66,"column":9}},"68":{"start":{"line":69,"column":0},"end":{"line":69,"column":30}},"69":{"start":{"line":70,"column":0},"end":{"line":70,"column":55}},"70":{"start":{"line":71,"column":0},"end":{"line":71,"column":9}},"71":{"start":{"line":72,"column":0},"end":{"line":72,"column":6}},"72":{"start":{"line":73,"column":0},"end":{"line":73,"column":27}},"73":{"start":{"line":74,"column":0},"end":{"line":74,"column":4}},"75":{"start":{"line":76,"column":0},"end":{"line":76,"column":36}},"76":{"start":{"line":77,"column":0},"end":{"line":77,"column":45}},"78":{"start":{"line":79,"column":0},"end":{"line":79,"column":20}},"79":{"start":{"line":80,"column":0},"end":{"line":80,"column":32}},"80":{"start":{"line":81,"column":0},"end":{"line":81,"column":33}},"81":{"start":{"line":82,"column":0},"end":{"line":82,"column":21}},"82":{"start":{"line":83,"column":0},"end":{"line":83,"column":45}},"83":{"start":{"line":84,"column":0},"end":{"line":84,"column":10}},"84":{"start":{"line":85,"column":0},"end":{"line":85,"column":21}},"85":{"start":{"line":86,"column":0},"end":{"line":86,"column":64}},"86":{"start":{"line":87,"column":0},"end":{"line":87,"column":47}},"87":{"start":{"line":88,"column":0},"end":{"line":88,"column":59}},"88":{"start":{"line":89,"column":0},"end":{"line":89,"column":48}},"89":{"start":{"line":90,"column":0},"end":{"line":90,"column":56}},"90":{"start":{"line":91,"column":0},"end":{"line":91,"column":10}},"91":{"start":{"line":92,"column":0},"end":{"line":92,"column":9}},"94":{"start":{"line":95,"column":0},"end":{"line":95,"column":36}},"95":{"start":{"line":96,"column":0},"end":{"line":96,"column":55}},"96":{"start":{"line":97,"column":0},"end":{"line":97,"column":44}},"97":{"start":{"line":98,"column":0},"end":{"line":98,"column":52}},"98":{"start":{"line":99,"column":0},"end":{"line":99,"column":6}},"99":{"start":{"line":100,"column":0},"end":{"line":100,"column":27}},"100":{"start":{"line":101,"column":0},"end":{"line":101,"column":4}},"102":{"start":{"line":103,"column":0},"end":{"line":103,"column":10}},"103":{"start":{"line":104,"column":0},"end":{"line":104,"column":13}},"104":{"start":{"line":105,"column":0},"end":{"line":105,"column":16}},"105":{"start":{"line":106,"column":0},"end":{"line":106,"column":18}},"106":{"start":{"line":107,"column":0},"end":{"line":107,"column":4}},"107":{"start":{"line":108,"column":0},"end":{"line":108,"column":1}}},"s":{"0":1,"1":1,"2":1,"8":1,"9":15,"10":15,"12":15,"13":1,"16":1,"19":1,"20":1,"23":1,"24":1,"25":1,"26":1,"27":0,"28":0,"29":0,"30":0,"31":1,"32":0,"33":0,"34":0,"35":0,"36":1,"37":15,"39":15,"40":15,"41":2,"42":2,"44":2,"47":2,"48":2,"49":2,"50":2,"51":0,"52":0,"53":0,"54":0,"55":0,"56":0,"57":0,"58":0,"59":0,"60":2,"61":0,"62":0,"63":0,"64":0,"65":2,"68":2,"69":2,"70":2,"71":2,"72":15,"73":15,"75":15,"76":15,"78":1,"79":1,"80":1,"81":1,"82":0,"83":0,"84":1,"85":0,"86":0,"87":0,"88":0,"89":0,"90":0,"91":1,"94":1,"95":1,"96":1,"97":1,"98":1,"99":15,"100":15,"102":15,"103":15,"104":15,"105":15,"106":15,"107":15},"branchMap":{"0":{"type":"branch","line":9,"loc":{"start":{"line":9,"column":7},"end":{"line":108,"column":1}},"locations":[{"start":{"line":9,"column":7},"end":{"line":108,"column":1}}]},"1":{"type":"branch","line":13,"loc":{"start":{"line":13,"column":31},"end":{"line":38,"column":5}},"locations":[{"start":{"line":13,"column":31},"end":{"line":38,"column":5}}]},"2":{"type":"branch","line":41,"loc":{"start":{"line":41,"column":4},"end":{"line":72,"column":6}},"locations":[{"start":{"line":41,"column":4},"end":{"line":72,"column":6}}]},"3":{"type":"branch","line":43,"loc":{"start":{"line":43,"column":26},"end":{"line":43,"column":33}},"locations":[{"start":{"line":43,"column":26},"end":{"line":43,"column":33}}]},"4":{"type":"branch","line":42,"loc":{"start":{"line":42,"column":40},"end":{"line":42,"column":63}},"locations":[{"start":{"line":42,"column":40},"end":{"line":42,"column":63}}]},"5":{"type":"branch","line":45,"loc":{"start":{"line":45,"column":37},"end":{"line":45,"column":60}},"locations":[{"start":{"line":45,"column":37},"end":{"line":45,"column":60}}]},"6":{"type":"branch","line":70,"loc":{"start":{"line":70,"column":30},"end":{"line":70,"column":53}},"locations":[{"start":{"line":70,"column":30},"end":{"line":70,"column":53}}]},"7":{"type":"branch","line":77,"loc":{"start":{"line":77,"column":4},"end":{"line":99,"column":6}},"locations":[{"start":{"line":77,"column":4},"end":{"line":99,"column":6}}]}},"b":{"0":[15],"1":[1],"2":[2],"3":[0],"4":[3],"5":[3],"6":[4],"7":[1]},"fnMap":{"0":{"name":"useSlideHistory","decl":{"start":{"line":9,"column":7},"end":{"line":108,"column":1}},"loc":{"start":{"line":9,"column":7},"end":{"line":108,"column":1}},"line":9},"1":{"name":"undo","decl":{"start":{"line":27,"column":12},"end":{"line":31,"column":8}},"loc":{"start":{"line":27,"column":12},"end":{"line":31,"column":8}},"line":27},"2":{"name":"redo","decl":{"start":{"line":32,"column":12},"end":{"line":36,"column":8}},"loc":{"start":{"line":32,"column":12},"end":{"line":36,"column":8}},"line":32},"3":{"name":"undo","decl":{"start":{"line":51,"column":14},"end":{"line":60,"column":10}},"loc":{"start":{"line":51,"column":14},"end":{"line":60,"column":10}},"line":51},"4":{"name":"redo","decl":{"start":{"line":61,"column":14},"end":{"line":65,"column":10}},"loc":{"start":{"line":61,"column":14},"end":{"line":65,"column":10}},"line":61},"5":{"name":"undo","decl":{"start":{"line":82,"column":14},"end":{"line":84,"column":10}},"loc":{"start":{"line":82,"column":14},"end":{"line":84,"column":10}},"line":82},"6":{"name":"redo","decl":{"start":{"line":85,"column":14},"end":{"line":91,"column":10}},"loc":{"start":{"line":85,"column":14},"end":{"line":91,"column":10}},"line":85}},"f":{"0":15,"1":0,"2":0,"3":0,"4":0,"5":0,"6":0}}
,"/home/runner/work/canvas-studio/canvas-studio/src/lib/firebase.ts": {"path":"/home/runner/work/canvas-studio/canvas-studio/src/lib/firebase.ts","all":false,"statementMap":{"3":{"start":{"line":4,"column":0},"end":{"line":4,"column":79}},"4":{"start":{"line":5,"column":0},"end":{"line":5,"column":71}},"5":{"start":{"line":6,"column":0},"end":{"line":6,"column":91}},"6":{"start":{"line":7,"column":0},"end":{"line":7,"column":91}},"8":{"start":{"line":9,"column":0},"end":{"line":9,"column":24}},"9":{"start":{"line":10,"column":0},"end":{"line":10,"column":48}},"10":{"start":{"line":11,"column":0},"end":{"line":11,"column":56}},"11":{"start":{"line":12,"column":0},"end":{"line":12,"column":54}},"12":{"start":{"line":13,"column":0},"end":{"line":13,"column":62}},"13":{"start":{"line":14,"column":0},"end":{"line":14,"column":71}},"14":{"start":{"line":15,"column":0},"end":{"line":15,"column":46}},"15":{"start":{"line":16,"column":0},"end":{"line":16,"column":1}},"17":{"start":{"line":18,"column":0},"end":{"line":18,"column":34}},"18":{"start":{"line":19,"column":0},"end":{"line":19,"column":28}},"19":{"start":{"line":20,"column":0},"end":{"line":20,"column":31}},"20":{"start":{"line":21,"column":0},"end":{"line":21,"column":42}},"26":{"start":{"line":27,"column":0},"end":{"line":27,"column":45}},"27":{"start":{"line":28,"column":0},"end":{"line":28,"column":12}},"28":{"start":{"line":29,"column":0},"end":{"line":29,"column":14}},"29":{"start":{"line":30,"column":0},"end":{"line":30,"column":3}},"31":{"start":{"line":32,"column":0},"end":{"line":32,"column":24}},"32":{"start":{"line":33,"column":0},"end":{"line":33,"column":24}},"33":{"start":{"line":34,"column":0},"end":{"line":34,"column":18}},"34":{"start":{"line":35,"column":0},"end":{"line":35,"column":14}},"35":{"start":{"line":36,"column":0},"end":{"line":36,"column":3}},"37":{"start":{"line":38,"column":0},"end":{"line":38,"column":31}},"38":{"start":{"line":39,"column":0},"end":{"line":39,"column":91}},"39":{"start":{"line":40,"column":0},"end":{"line":40,"column":3}},"41":{"start":{"line":42,"column":0},"end":{"line":42,"column":37}},"43":{"start":{"line":44,"column":0},"end":{"line":44,"column":66}},"44":{"start":{"line":45,"column":0},"end":{"line":45,"column":21}},"45":{"start":{"line":46,"column":0},"end":{"line":46,"column":37}},"46":{"start":{"line":47,"column":0},"end":{"line":47,"column":40}},"47":{"start":{"line":48,"column":0},"end":{"line":48,"column":43}},"49":{"start":{"line":50,"column":0},"end":{"line":50,"column":65}},"50":{"start":{"line":51,"column":0},"end":{"line":51,"column":28}},"51":{"start":{"line":52,"column":0},"end":{"line":52,"column":6}},"52":{"start":{"line":53,"column":0},"end":{"line":53,"column":59}},"53":{"start":{"line":54,"column":0},"end":{"line":54,"column":62}},"54":{"start":{"line":55,"column":0},"end":{"line":55,"column":3}},"56":{"start":{"line":57,"column":0},"end":{"line":57,"column":12}},"57":{"start":{"line":58,"column":0},"end":{"line":58,"column":1}},"63":{"start":{"line":64,"column":0},"end":{"line":64,"column":41}},"64":{"start":{"line":65,"column":0},"end":{"line":65,"column":14}},"65":{"start":{"line":66,"column":0},"end":{"line":66,"column":38}},"66":{"start":{"line":67,"column":0},"end":{"line":67,"column":31}},"67":{"start":{"line":68,"column":0},"end":{"line":68,"column":3}},"68":{"start":{"line":69,"column":0},"end":{"line":69,"column":13}},"69":{"start":{"line":70,"column":0},"end":{"line":70,"column":1}},"75":{"start":{"line":76,"column":0},"end":{"line":76,"column":51}},"76":{"start":{"line":77,"column":0},"end":{"line":77,"column":12}},"77":{"start":{"line":78,"column":0},"end":{"line":78,"column":38}},"78":{"start":{"line":79,"column":0},"end":{"line":79,"column":34}},"79":{"start":{"line":80,"column":0},"end":{"line":80,"column":3}},"80":{"start":{"line":81,"column":0},"end":{"line":81,"column":11}},"81":{"start":{"line":82,"column":0},"end":{"line":82,"column":1}},"87":{"start":{"line":88,"column":0},"end":{"line":88,"column":55}},"88":{"start":{"line":89,"column":0},"end":{"line":89,"column":17}},"89":{"start":{"line":90,"column":0},"end":{"line":90,"column":38}},"90":{"start":{"line":91,"column":0},"end":{"line":91,"column":37}},"91":{"start":{"line":92,"column":0},"end":{"line":92,"column":3}},"92":{"start":{"line":93,"column":0},"end":{"line":93,"column":16}},"93":{"start":{"line":94,"column":0},"end":{"line":94,"column":1}}},"s":{"3":1,"4":1,"5":1,"6":1,"8":1,"9":1,"10":1,"11":1,"12":1,"13":1,"14":1,"15":1,"17":1,"18":1,"19":1,"20":1,"26":1,"27":7,"28":0,"29":0,"31":7,"32":7,"33":1,"34":1,"35":1,"37":7,"38":1,"39":1,"41":5,"43":5,"44":7,"45":1,"46":1,"47":1,"49":1,"50":1,"51":1,"52":1,"53":1,"54":1,"56":5,"57":5,"63":1,"64":1,"65":1,"66":1,"67":1,"68":1,"69":1,"75":1,"76":1,"77":1,"78":1,"79":1,"80":1,"81":1,"87":1,"88":1,"89":1,"90":1,"91":1,"92":1,"93":1},"branchMap":{"0":{"type":"branch","line":27,"loc":{"start":{"line":27,"column":7},"end":{"line":58,"column":1}},"locations":[{"start":{"line":27,"column":7},"end":{"line":58,"column":1}}]},"1":{"type":"branch","line":28,"loc":{"start":{"line":28,"column":11},"end":{"line":30,"column":3}},"locations":[{"start":{"line":28,"column":11},"end":{"line":30,"column":3}}]},"2":{"type":"branch","line":33,"loc":{"start":{"line":33,"column":23},"end":{"line":36,"column":3}},"locations":[{"start":{"line":33,"column":23},"end":{"line":36,"column":3}}]},"3":{"type":"branch","line":36,"loc":{"start":{"line":36,"column":2},"end":{"line":38,"column":30}},"locations":[{"start":{"line":36,"column":2},"end":{"line":38,"column":30}}]},"4":{"type":"branch","line":38,"loc":{"start":{"line":38,"column":30},"end":{"line":40,"column":3}},"locations":[{"start":{"line":38,"column":30},"end":{"line":40,"column":3}}]},"5":{"type":"branch","line":40,"loc":{"start":{"line":40,"column":2},"end":{"line":45,"column":20}},"locations":[{"start":{"line":40,"column":2},"end":{"line":45,"column":20}}]},"6":{"type":"branch","line":45,"loc":{"start":{"line":45,"column":20},"end":{"line":55,"column":3}},"locations":[{"start":{"line":45,"column":20},"end":{"line":55,"column":3}}]},"7":{"type":"branch","line":55,"loc":{"start":{"line":55,"column":2},"end":{"line":58,"column":1}},"locations":[{"start":{"line":55,"column":2},"end":{"line":58,"column":1}}]},"8":{"type":"branch","line":64,"loc":{"start":{"line":64,"column":7},"end":{"line":70,"column":1}},"locations":[{"start":{"line":64,"column":7},"end":{"line":70,"column":1}}]},"9":{"type":"branch","line":76,"loc":{"start":{"line":76,"column":7},"end":{"line":82,"column":1}},"locations":[{"start":{"line":76,"column":7},"end":{"line":82,"column":1}}]},"10":{"type":"branch","line":88,"loc":{"start":{"line":88,"column":7},"end":{"line":94,"column":1}},"locations":[{"start":{"line":88,"column":7},"end":{"line":94,"column":1}}]}},"b":{"0":[7],"1":[0],"2":[1],"3":[6],"4":[1],"5":[5],"6":[1],"7":[5],"8":[1],"9":[1],"10":[1]},"fnMap":{"0":{"name":"initFirebase","decl":{"start":{"line":27,"column":7},"end":{"line":58,"column":1}},"loc":{"start":{"line":27,"column":7},"end":{"line":58,"column":1}},"line":27},"1":{"name":"getAuthInstance","decl":{"start":{"line":64,"column":7},"end":{"line":70,"column":1}},"loc":{"start":{"line":64,"column":7},"end":{"line":70,"column":1}},"line":64},"2":{"name":"getFirestoreInstance","decl":{"start":{"line":76,"column":7},"end":{"line":82,"column":1}},"loc":{"start":{"line":76,"column":7},"end":{"line":82,"column":1}},"line":76},"3":{"name":"getStorageInstance","decl":{"start":{"line":88,"column":7},"end":{"line":94,"column":1}},"loc":{"start":{"line":88,"column":7},"end":{"line":94,"column":1}},"line":88}},"f":{"0":7,"1":1,"2":1,"3":1}}
[...]
rt":{"line":109,"column":0},"end":{"line":109,"column":3}},"110":{"start":{"line":111,"column":0},"end":{"line":111,"column":31}},"112":{"start":{"line":113,"column":0},"end":{"line":113,"column":19}},"113":{"start":{"line":114,"column":0},"end":{"line":114,"column":1}}},"s":{"3":1,"14":1,"16":1,"21":4,"22":4,"23":4,"29":6,"30":6,"31":6,"32":6,"33":6,"34":6,"35":6,"36":6,"37":6,"38":6,"39":6,"40":6,"41":6,"42":6,"43":6,"44":5,"51":3,"52":3,"53":3,"55":3,"56":1,"57":1,"59":1,"60":1,"61":1,"68":3,"69":3,"70":3,"71":3,"73":2,"74":2,"80":2,"81":2,"82":2,"83":1,"92":4,"93":4,"94":4,"95":4,"96":4,"97":4,"98":4,"100":4,"101":4,"102":4,"103":4,"104":4,"105":4,"106":4,"107":4,"108":4,"110":4,"112":4,"113":4},"branchMap":{"0":{"type":"branch","line":22,"loc":{"start":{"line":22,"column":0},"end":{"line":24,"column":1}},"locations":[{"start":{"line":22,"column":0},"end":{"line":24,"column":1}}]},"1":{"type":"branch","line":30,"loc":{"start":{"line":30,"column":0},"end":{"line":45,"column":1}},"locations":[{"start":{"line":30,"column":0},"end":{"line":45,"column":1}}]},"2":{"type":"branch","line":44,"loc":{"start":{"line":44,"column":2},"end":{"line":45,"column":1}},"locations":[{"start":{"line":44,"column":2},"end":{"line":45,"column":1}}]},"3":{"type":"branch","line":52,"loc":{"start":{"line":52,"column":0},"end":{"line":62,"column":1}},"locations":[{"start":{"line":52,"column":0},"end":{"line":62,"column":1}}]},"4":{"type":"branch","line":54,"loc":{"start":{"line":54,"column":37},"end":{"line":56,"column":25}},"locations":[{"start":{"line":54,"column":37},"end":{"line":56,"column":25}}]},"5":{"type":"branch","line":56,"loc":{"start":{"line":56,"column":25},"end":{"line":62,"column":1}},"locations":[{"start":{"line":56,"column":25},"end":{"line":62,"column":1}}]},"6":{"type":"branch","line":69,"loc":{"start":{"line":69,"column":0},"end":{"line":75,"column":1}},"locations":[{"start":{"line":69,"column":0},"end":{"line":75,"column":1}}]},"7":{"type":"branch","line":72,"loc":{"start":{"line":72,"column":39},"end":{"line":75,"column":1}},"locations":[{"start":{"line":72,"column":39},"end":{"line":75,"column":1}}]},"8":{"type":"branch","line":74,"loc":{"start":{"line":74,"column":32},"end":{"line":74,"column":62}},"locations":[{"start":{"line":74,"column":32},"end":{"line":74,"column":62}}]},"9":{"type":"branch","line":81,"loc":{"start":{"line":81,"column":0},"end":{"line":84,"column":1}},"locations":[{"start":{"line":81,"column":0},"end":{"line":84,"column":1}}]},"10":{"type":"branch","line":83,"loc":{"start":{"line":83,"column":24},"end":{"line":84,"column":1}},"locations":[{"start":{"line":83,"column":24},"end":{"line":84,"column":1}}]},"11":{"type":"branch","line":93,"loc":{"start":{"line":93,"column":0},"end":{"line":114,"column":1}},"locations":[{"start":{"line":93,"column":0},"end":{"line":114,"column":1}}]}},"b":{"0":[4],"1":[6],"2":[5],"3":[3],"4":[2],"5":[1],"6":[3],"7":[2],"8":[1],"9":[2],"10":[1],"11":[4]},"fnMap":{"0":{"name":"generateProjectId","decl":{"start":{"line":22,"column":0},"end":{"line":24,"column":1}},"loc":{"start":{"line":22,"column":0},"end":{"line":24,"column":1}},"line":22},"1":{"name":"saveProject","decl":{"start":{"line":30,"column":0},"end":{"line":45,"column":1}},"loc":{"start":{"line":30,"column":0},"end":{"line":45,"column":1}},"line":30},"2":{"name":"loadProject","decl":{"start":{"line":52,"column":0},"end":{"line":62,"column":1}},"loc":{"start":{"line":52,"column":0},"end":{"line":62,"column":1}},"line":52},"3":{"name":"listProjects","decl":{"start":{"line":69,"column":0},"end":{"line":75,"column":1}},"loc":{"start":{"line":69,"column":0},"end":{"line":75,"column":1}},"line":69},"4":{"name":"deleteProject","decl":{"start":{"line":81,"column":0},"end":{"line":84,"column":1}},"loc":{"start":{"line":81,"column":0},"end":{"line":84,"column":1}},"line":81},"5":{"name":"createNewProject","decl":{"start":{"line":93,"column":0},"end":{"line":114,"column":1}},"loc":{"start":{"line":93,"column":0},"end":{"line":114,"column":1}},"line":93}},"f":{"0":4,"1":6,"2":3,"3":3,"4":2,"5":4}}
,"/home/runner/work/canvas-studio/canvas-studio/src/stores/editorStore.ts": {"path":"/home/runner/work/canvas-studio/canvas-studio/src/stores/editorStore.ts","all":false,"statementMap":{"0":{"start":{"line":1,"column":0},"end":{"line":1,"column":32}},"10":{"start":{"line":11,"column":0},"end":{"line":11,"column":61}},"11":{"start":{"line":12,"column":0},"end":{"line":12,"column":23}},"12":{"start":{"line":13,"column":0},"end":{"line":13,"column":24}},"13":{"start":{"line":14,"column":0},"end":{"line":14,"column":23}},"14":{"start":{"line":15,"column":0},"end":{"line":15,"column":10}},"16":{"start":{"line":17,"column":0},"end":{"line":17,"column":65}},"17":{"start":{"line":18,"column":0},"end":{"line":18,"column":75}},"18":{"start":{"line":19,"column":0},"end":{"line":19,"column":53}},"19":{"start":{"line":20,"column":0},"end":{"line":20,"column":35}},"20":{"start":{"line":21,"column":0},"end":{"line":21,"column":3}}},"s":{"0":1,"10":1,"11":4,"12":4,"13":4,"14":4,"16":4,"17":4,"18":4,"19":4,"20":1},"branchMap":{"0":{"type":"branch","line":11,"loc":{"start":{"line":11,"column":50},"end":{"line":21,"column":2}},"locations":[{"start":{"line":11,"column":50},"end":{"line":21,"column":2}}]},"1":{"type":"branch","line":17,"loc":{"start":{"line":17,"column":19},"end":{"line":17,"column":65}},"locations":[{"start":{"line":17,"column":19},"end":{"line":17,"column":65}}]},"2":{"type":"branch","line":18,"loc":{"start":{"line":18,"column":22},"end":{"line":18,"column":75}},"locations":[{"start":{"line":18,"column":22},"end":{"line":18,"column":75}}]},"3":{"type":"branch","line":19,"loc":{"start":{"line":19,"column":17},"end":{"line":19,"column":53}},"locations":[{"start":{"line":19,"column":17},"end":{"line":19,"column":53}}]},"4":{"type":"branch","line":20,"loc":{"start":{"line":20,"column":11},"end":{"line":20,"column":35}},"locations":[{"start":{"line":20,"column":11},"end":{"line":20,"column":35}}]}},"b":{"0":[4],"1":[2],"2":[6],"3":[1],"4":[1]},"fnMap":{"0":{"name":"setCurrentSlide","decl":{"start":{"line":17,"column":19},"end":{"line":17,"column":65}},"loc":{"start":{"line":17,"column":19},"end":{"line":17,"column":65}},"line":17},"1":{"name":"setSelectedObjects","decl":{"start":{"line":18,"column":22},"end":{"line":18,"column":75}},"loc":{"start":{"line":18,"column":22},"end":{"line":18,"column":75}},"line":18},"2":{"name":"setActiveTool","decl":{"start":{"line":19,"column":17},"end":{"line":19,"column":53}},"loc":{"start":{"line":19,"column":17},"end":{"line":19,"column":53}},"line":19},"3":{"name":"setZoom","decl":{"start":{"line":20,"column":11},"end":{"line":20,"column":35}},"loc":{"start":{"line":20,"column":11},"end":{"line":20,"column":35}},"line":20}},"f":{"0":2,"1":6,"2":1,"3":1}}
,"/home/runner/work/canvas-studio/canvas-studio/src/stores/historyStore.ts": {"path":"/home/runner/work/canvas-studio/canvas-studio/src/stores/historyStore.ts","all":false,"statementMap":{"0":{"start":{"line":1,"column":0},"end":{"line":1,"column":32}},"16":{"start":{"line":17,"column":0},"end":{"line":17,"column":68}},"17":{"start":{"line":18,"column":0},"end":{"line":18,"column":16}},"18":{"start":{"line":19,"column":0},"end":{"line":19,"column":16}},"19":{"start":{"line":20,"column":0},"end":{"line":20,"column":17}},"21":{"start":{"line":22,"column":0},"end":{"line":22,"column":19}},"22":{"start":{"line":23,"column":0},"end":{"line":23,"column":20}},"23":{"start":{"line":24,"column":0},"end":{"line":24,"column":55}},"25":{"start":{"line":26,"column":0},"end":{"line":26,"column":51}},"26":{"start":{"line":27,"column":0},"end":{"line":27,"column":28}},"27":{"start":{"line":28,"column":0},"end":{"line":28,"column":7}},"28":{"start":{"line":29,"column":0},"end":{"line":29,"column":14}},"29":{"start":{"line":30,"column":0},"end":{"line":30,"column":32}},"30":{"start":{"line":31,"column":0},"end":{"line":31,"column":48}},"31":{"start":{"line":32,"column":0},"end":{"line":32,"column":7}},"32":{"start":{"line":33,"column":0},"end":{"line":33,"column":7}},"34":{"start":{"line":35,"column":0},"end":{"line":35,"column":15}},"35":{"start":{"line":36,"column":0},"end":{"line":36,"column":23}},"36":{"start":{"line":37,"column":0},"end":{"line":37,"column":44}},"38":{"start":{"line":39,"column":0},"end":{"line":39,"column":62}},"39":{"start":{"line":40,"column":0},"end":{"line":40,"column":17}},"41":{"start":{"line":42,"column":0},"end":{"line":42,"column":9}},"42":{"start":{"line":43,"column":0},"end":{"line":43,"column":46}},"43":{"start":{"line":44,"column":0},"end":{"line":44,"column":46}},"44":{"start":{"line":45,"column":0},"end":{"line":45,"column":6}},"45":{"start":{"line":46,"column":0},"end":{"line":46,"column":4}},"47":{"start":{"line":48,"column":0},"end":{"line":48,"column":15}},"48":{"start":{"line":49,"column":0},"end":{"line":49,"column":23}},"49":{"start":{"line":50,"column":0},"end":{"line":50,"column":44}},"51":{"start":{"line":52,"column":0},"end":{"line":52,"column":62}},"52":{"start":{"line":53,"column":0},"end":{"line":53,"column":17}},"54":{"start":{"line":55,"column":0},"end":{"line":55,"column":9}},"55":{"start":{"line":56,"column":0},"end":{"line":56,"column":46}},"56":{"start":{"line":57,"column":0},"end":{"line":57,"column":46}},"57":{"start":{"line":58,"column":0},"end":{"line":58,"column":6}},"58":{"start":{"line":59,"column":0},"end":{"line":59,"column":4}},"60":{"start":{"line":61,"column":0},"end":{"line":61,"column":53}},"62":{"start":{"line":63,"column":0},"end":{"line":63,"column":44}},"63":{"start":{"line":64,"column":0},"end":{"line":64,"column":44}},"64":{"start":{"line":65,"column":0},"end":{"line":65,"column":3}}},"s":{"0":1,"16":1,"17":3,"18":3,"19":3,"21":3,"22":17,"23":17,"25":17,"26":0,"27":0,"28":17,"29":17,"30":17,"31":17,"32":17,"34":3,"35":9,"36":9,"38":9,"39":9,"41":9,"42":9,"43":9,"44":9,"45":9,"47":3,"48":1,"49":1,"51":1,"52":1,"54":1,"55":1,"56":1,"57":1,"58":1,"60":3,"62":3,"63":3,"64":1},"branchMap":{"0":{"type":"branch","line":17,"loc":{"start":{"line":17,"column":52},"end":{"line":65,"column":2}},"locations":[{"start":{"line":17,"column":52},"end":{"line":65,"column":2}}]},"1":{"type":"branch","line":22,"loc":{"start":{"line":22,"column":8},"end":{"line":33,"column":7}},"locations":[{"start":{"line":22,"column":8},"end":{"line":33,"column":7}}]},"2":{"type":"branch","line":23,"loc":{"start":{"line":23,"column":8},"end":{"line":33,"column":5}},"locations":[{"start":{"line":23,"column":8},"end":{"line":33,"column":5}}]},"3":{"type":"branch","line":26,"loc":{"start":{"line":26,"column":50},"end":{"line":28,"column":7}},"locations":[{"start":{"line":26,"column":50},"end":{"line":28,"column":7}}]},"4":{"type":"branch","line":35,"loc":{"start":{"line":35,"column":8},"end":{"line":46,"column":4}},"locations":[{"start":{"line":35,"column":8},"end":{"line":46,"column":4}}]},"5":{"type":"branch","line":37,"loc":{"start":{"line":37,"column":38},"end":{"line":37,"column":44}},"locations":[{"start":{"line":37,"column":38},"end":{"line":37,"column":44}}]},"6":{"type":"branch","line":48,"loc":{"start":{"line":48,"column":8},"end":{"line":59,"column":4}},"locations":[{"start":{"line":48,"column":8},"end":{"line":59,"column":4}}]},"7":{"type":"branch","line":50,"loc":{"start":{"line":50,"column":38},"end":{"line":50,"column":44}},"locations":[{"start":{"line":50,"column":38},"end":{"line":50,"column":44}}]},"8":{"type":"branch","line":61,"loc":{"start":{"line":61,"column":9},"end":{"line":61,"column":53}},"locations":[{"start":{"line":61,"column":9},"end":{"line":61,"column":53}}]},"9":{"type":"branch","line":63,"loc":{"start":{"line":63,"column":11},"end":{"line":63,"column":44}},"locations":[{"start":{"line":63,"column":11},"end":{"line":63,"column":44}}]},"10":{"type":"branch","line":64,"loc":{"start":{"line":64,"column":11},"end":{"line":64,"column":44}},"locations":[{"start":{"line":64,"column":11},"end":{"line":64,"column":44}}]}},"b":{"0":[3],"1":[17],"2":[17],"3":[0],"4":[9],"5":[0],"6":[1],"7":[0],"8":[11],"9":[10],"10":[3]},"fnMap":{"0":{"name":"push","decl":{"start":{"line":22,"column":8},"end":{"line":33,"column":7}},"loc":{"start":{"line":22,"column":8},"end":{"line":33,"column":7}},"line":22},"1":{"name":"undo","decl":{"start":{"line":35,"column":8},"end":{"line":46,"column":4}},"loc":{"start":{"line":35,"column":8},"end":{"line":46,"column":4}},"line":35},"2":{"name":"redo","decl":{"start":{"line":48,"column":8},"end":{"line":59,"column":4}},"loc":{"start":{"line":48,"column":8},"end":{"line":59,"column":4}},"line":48},"3":{"name":"clear","decl":{"start":{"line":61,"column":9},"end":{"line":61,"column":53}},"loc":{"start":{"line":61,"column":9},"end":{"line":61,"column":53}},"line":61},"4":{"name":"canUndo","decl":{"start":{"line":63,"column":11},"end":{"line":63,"column":44}},"loc":{"start":{"line":63,"column":11},"end":{"line":63,"column":44}},"line":63},"5":{"name":"canRedo","decl":{"start":{"line":64,"column":11},"end":{"line":64,"column":44}},"loc":{"start":{"line":64,"column":11},"end":{"line":64,"column":44}},"line":64}},"f":{"0":17,"1":9,"2":1,"3":11,"4":10,"5":3}}
,"/home/runner/work/canvas-studio/canvas-studio/src/stores/slideStore.ts": {"path":"/home/runner/work/canvas-studio/canvas-studio/src/stores/slideStore.ts","all":false,"statementMap":{"0":{"start":{"line":1,"column":0},"end":{"line":1,"column":32}},"14":{"start":{"line":15,"column":0},"end":{"line":15,"column":40}},"15":{"start":{"line":16,"column":0},"end":{"line":16,"column":26}},"16":{"start":{"line":17,"column":0},"end":{"line":17,"column":19}},"17":{"start":{"line":18,"column":0},"end":{"line":18,"column":24}},"18":{"start":{"line":19,"column":0},"end":{"line":19,"column":24}},"19":{"start":{"line":20,"column":0},"end":{"line":20,"column":2}},"21":{"start":{"line":22,"column":0},"end":{"line":22,"column":59}},"22":{"start":{"line":23,"column":0},"end":{"line":23,"column":16}},"23":{"start":{"line":24,"column":0},"end":{"line":24,"column":31}},"25":{"start":{"line":26,"column":0},"end":{"line":26,"column":68}},"27":{"start":{"line":28,"column":0},"end":{"line":28,"column":35}},"28":{"start":{"line":29,"column":0},"end":{"line":29,"column":49}},"29":{"start":{"line":30,"column":0},"end":{"line":30,"column":6}},"31":{"start":{"line":32,"column":0},"end":{"line":32,"column":57}},"32":{"start":{"line":33,"column":0},"end":{"line":33,"column":39}},"33":{"start":{"line":34,"column":0},"end":{"line":34,"column":26}},"34":{"start":{"line":35,"column":0},"end":{"line":35,"column":57}},"35":{"start":{"line":36,"column":0},"end":{"line":36,"column":15}},"36":{"start":{"line":37,"column":0},"end":{"line":37,"column":5}},"37":{"start":{"line":38,"column":0},"end":{"line":38,"column":6}},"39":{"start":{"line":40,"column":0},"end":{"line":40,"column":45}},"40":{"start":{"line":41,"column":0},"end":{"line":41,"column":56}},"41":{"start":{"line":42,"column":0},"end":{"line":42,"column":6}},"43":{"start":{"line":44,"column":0},"end":{"line":44,"column":57}},"44":{"start":{"line":45,"column":0},"end":{"line":45,"column":39}},"45":{"start":{"line":46,"column":0},"end":{"line":46,"column":52}},"46":{"start":{"line":47,"column":0},"end":{"line":47,"column":41}},"47":{"start":{"line":48,"column":0},"end":{"line":48,"column":32}},"48":{"start":{"line":49,"column":0},"end":{"line":49,"column":5}},"49":{"start":{"line":50,"column":0},"end":{"line":50,"column":3}}},"s":{"0":1,"14":1,"15":8,"16":8,"17":8,"18":8,"19":8,"21":1,"22":4,"23":4,"25":4,"27":4,"28":4,"29":4,"31":4,"32":16,"33":21,"34":16,"35":5,"36":16,"37":16,"39":4,"40":2,"41":2,"43":4,"44":1,"45":1,"46":1,"47":1,"48":1,"49":1},"branchMap":{"0":{"type":"branch","line":15,"loc":{"start":{"line":15,"column":25},"end":{"line":20,"column":2}},"locations":[{"start":{"line":15,"column":25},"end":{"line":20,"column":2}}]},"1":{"type":"branch","line":22,"loc":{"start":{"line":22,"column":48},"end":{"line":50,"column":2}},"locations":[{"start":{"line":22,"column":48},"end":{"line":50,"column":2}}]},"2":{"type":"branch","line":28,"loc":{"start":{"line":28,"column":12},"end":{"line":30,"column":6}},"locations":[{"start":{"line":28,"column":12},"end":{"line":30,"column":6}}]},"3":{"type":"branch","line":28,"loc":{"start":{"line":28,"column":22},"end":{"line":30,"column":4}},"locations":[{"start":{"line":28,"column":22},"end":{"line":30,"column":4}}]},"4":{"type":"branch","line":32,"loc":{"start":{"line":32,"column":15},"end":{"line":38,"column":6}},"locations":[{"start":{"line":32,"column":15},"end":{"line":38,"column":6}}]},"5":{"type":"branch","line":32,"loc":{"start":{"line":32,"column":44},"end":{"line":38,"column":4}},"locations":[{"start":{"line":32,"column":44},"end":{"line":38,"column":4}}]},"6":{"type":"branch","line":33,"loc":{"start":{"line":33,"column":29},"end":{"line":36,"column":15}},"locations":[{"start":{"line":33,"column":29},"end":{"line":36,"column":15}}]},"7":{"type":"branch","line":34,"loc":{"start":{"line":34,"column":19},"end":{"line":35,"column":57}},"locations":[{"start":{"line":34,"column":19},"end":{"line":35,"column":57}}]},"8":{"type":"branch","line":35,"loc":{"start":{"line":35,"column":56},"end":{"line":36,"column":15}},"locations":[{"start":{"line":35,"column":56},"end":{"line":36,"column":15}}]},"9":{"type":"branch","line":40,"loc":{"start":{"line":40,"column":15},"end":{"line":42,"column":6}},"locations":[{"start":{"line":40,"column":15},"end":{"line":42,"column":6}}]},"10":{"type":"branch","line":40,"loc":{"start":{"line":40,"column":32},"end":{"line":42,"column":4}},"locations":[{"start":{"line":40,"column":32},"end":{"line":42,"column":4}}]},"11":{"type":"branch","line":41,"loc":{"start":{"line":41,"column":32},"end":{"line":41,"column":55}},"locations":[{"start":{"line":41,"column":32},"end":{"line":41,"column":55}}]},"12":{"type":"branch","line":44,"loc":{"start":{"line":44,"column":17},"end":{"line":49,"column":5}},"locations":[{"start":{"line":44,"column":17},"end":{"line":49,"column":5}}]},"13":{"type":"branch","line":44,"loc":{"start":{"line":44,"column":45},"end":{"line":49,"column":3}},"locations":[{"start":{"line":44,"column":45},"end":{"line":49,"column":3}}]}},"b":{"0":[8],"1":[4],"2":[4],"3":[4],"4":[16],"5":[16],"6":[21],"7":[16],"8":[5],"9":[2],"10":[2],"11":[3],"12":[1],"13":[1]},"fnMap":{"0":{"name":"createEmptySlide","decl":{"start":{"line":15,"column":25},"end":{"line":20,"column":2}},"loc":{"start":{"line":15,"column":25},"end":{"line":20,"column":2}},"line":15},"1":{"name":"setProject","decl":{"start":{"line":26,"column":14},"end":{"line":26,"column":68}},"loc":{"start":{"line":26,"column":14},"end":{"line":26,"column":68}},"line":26},"2":{"name":"addSlide","decl":{"start":{"line":28,"column":12},"end":{"line":30,"column":6}},"loc":{"start":{"line":28,"column":12},"end":{"line":30,"column":6}},"line":28},"3":{"name":"updateSlide","decl":{"start":{"line":32,"column":15},"end":{"line":38,"column":6}},"loc":{"start":{"line":32,"column":15},"end":{"line":38,"column":6}},"line":32},"4":{"name":"deleteSlide","decl":{"start":{"line":40,"column":15},"end":{"line":42,"column":6}},"loc":{"start":{"line":40,"column":15},"end":{"line":42,"column":6}},"line":40},"5":{"name":"reorderSlides","decl":{"start":{"line":44,"column":17},"end":{"line":49,"column":5}},"loc":{"start":{"line":44,"column":17},"end":{"line":49,"column":5}},"line":44}},"f":{"0":8,"1":0,"2":4,"3":16,"4":2,"5":1}}
,"/home/runner/work/canvas-studio/canvas-studio/src/types/index.ts": {"path":"/home/runner/work/canvas-studio/canvas-studio/src/types/index.ts","all":true,"statementMap":{},"s":{},"branchMap":{"0":{"type":"branch","line":1,"loc":{"start":{"line":1,"column":1125},"end":{"line":69,"column":1}},"locations":[{"start":{"line":1,"column":1125},"end":{"line":69,"column":1}}]}},"b":{"0":[1]},"fnMap":{"0":{"name":"(empty-report)","decl":{"start":{"line":1,"column":1125},"end":{"line":69,"column":1}},"loc":{"start":{"line":1,"column":1125},"end":{"line":69,"column":1}},"line":1}},"f":{"0":1}}
}
